<?xml version="1.0" encoding="UTF-8"?>
<testsuite xmlns:xsi="http://www.w3.org/2001/XMLSchema-instance" xsi:noNamespaceSchemaLocation="https://maven.apache.org/surefire/maven-surefire-plugin/xsd/surefire-test-report.xsd" version="3.0.2" name="com.beyond.BeyondPermissionApplicationTests" time="14.146" tests="1" errors="0" skipped="0" failures="0">
  <properties>
[...]
</properties>
  <testcase name="contextLoads" classname="com.beyond.BeyondPermissionApplicationTests" time="0.565">
    <system-out><![CDATA[19:22:13.664 [main] INFO org.springframework.test.context.support.AnnotationConfigContextLoaderUtils -- Could not detect default configuration classes for test class [com.beyond.BeyondPermissionApplicationTests]: BeyondPermissionApplicationTests does not declare any static, non-private, non-final, nested classes annotated with @Configuration.
19:22:13.898 [main] INFO org.springframework.boot.test.context.SpringBootTestContextBootstrapper -- Found @SpringBootConfiguration com.beyond.BeyondPermissionApplication for test class com.beyond.BeyondPermissionApplicationTests

  .   ____          _            __ _ _
 /\\ / ___'_ __ _ _(_)_ __  __ _ \ \ \ \
( ( )\___ | '_ | '_| | '_ \/ _` | \ \ \ \
 \\/  ___)| |_)| | | | | || (_| |  ) ) ) )
  '  |____| .__|_| |_|_| |_\__, | / / / /
 =========|_|==============|___/=/_/_/_/

 :: Spring Boot ::                (v3.4.3)

2026-07-28T19:22:14.926+08:00  WARN 9136 --- [beyond-surrounding] [           main] ory$DuplicateJsonObjectContextCustomizer : 

Found multiple occurrences of org.json.JSONObject on the class path:

	jar:file:/C:/Users/davidchung/.m2/repository/org/json/json/20240303/json-20240303.jar!/org/json/JSONObject.class
	jar:file:/C:/Users/davidchung/.m2/repository/com/vaadin/external/google/android-json/0.0.20131108.vaadin1/android-json-0.0.20131108.vaadin1.jar!/org/json/JSONObject.class

You may wish to exclude one of them to ensure predictable runtime behavior

2026-07-28T19:22:14.988+08:00  INFO 9136 --- [beyond-surrounding] [           main] c.b.BeyondPermissionApplicationTests     : Starting BeyondPermissionApplicationTests using Java 21.0.10 with PID 9136 (started by davidchung in C:\Users\davidchung\eclipse-workspace2\beyond-parent\beyond-permission)
2026-07-28T19:22:14.989+08:00  INFO 9136 --- [beyond-surrounding] [           main] c.b.BeyondPermissionApplicationTests     : No active profile set, falling back to 1 default profile: "default"
2026-07-28T19:22:16.624+08:00  INFO 9136 --- [beyond-surrounding] [           main] .s.d.r.c.RepositoryConfigurationDelegate : Bootstrapping Spring Data JPA repositories in DEFAULT mode.
2026-07-28T19:22:16.661+08:00  INFO 9136 --- [beyond-surrounding] [           main] .s.d.r.c.RepositoryConfigurationDelegate : Finished Spring Data repository scanning in 20 ms. Found 0 JPA repository interfaces.
2026-07-28T19:22:17.185+08:00  INFO 9136 --- [beyond-surrounding] [           main] o.s.cloud.context.scope.GenericScope     : BeanFactory id=0ca5221b-bb58-373c-a248-a6f039f9cf44
2026-07-28T19:22:18.216+08:00  INFO 9136 --- [beyond-surrounding] [           main] o.hibernate.jpa.internal.util.LogHelper  : HHH000204: Processing PersistenceUnitInfo [name: default]
2026-07-28T19:22:18.297+08:00  INFO 9136 --- [beyond-surrounding] [           main] org.hibernate.Version                    : HHH000412: Hibernate ORM core version 6.6.8.Final
2026-07-28T19:22:18.347+08:00  INFO 9136 --- [beyond-surrounding] [           main] o.h.c.internal.RegionFactoryInitiator    : HHH000026: Second-level cache disabled
2026-07-28T19:22:18.758+08:00  INFO 9136 --- [beyond-surrounding] [           main] o.s.o.j.p.SpringPersistenceUnitInfo      : No LoadTimeWeaver setup: ignoring JPA class transformer
2026-07-28T19:22:18.798+08:00  INFO 9136 --- [beyond-surrounding] [           main] com.zaxxer.hikari.HikariDataSource       : HikariPool-1 - Starting...
2026-07-28T19:22:18.997+08:00  INFO 9136 --- [beyond-surrounding] [           main] com.zaxxer.hikari.pool.HikariPool        : HikariPool-1 - Added connection com.mysql.cj.jdbc.ConnectionImpl@6ee186f3
2026-07-28T19:22:18.999+08:00  INFO 9136 --- [beyond-surrounding] [           main] com.zaxxer.hikari.HikariDataSource       : HikariPool-1 - Start completed.
2026-07-28T19:22:19.048+08:00  WARN 9136 --- [beyond-surrounding] [           main] org.hibernate.orm.deprecation            : HHH90000025: MySQL8Dialect does not need to be specified explicitly using 'hibernate.dialect' (remove the property setting and it will be selected by default)
2026-07-28T19:22:19.050+08:00  WARN 9136 --- [beyond-surrounding] [           main] org.hibernate.orm.deprecation            : HHH90000026: MySQL8Dialect has been deprecated; use org.hibernate.dialect.MySQLDialect instead
2026-07-28T19:22:19.073+08:00  INFO 9136 --- [beyond-surrounding] [           main] org.hibernate.orm.connections.pooling    : HHH10001005: Database info:
	Database JDBC URL [Connecting through datasource 'HikariDataSource (HikariPool-1)']
	Database driver: undefined/unknown
	Database version: 8.0
	Autocommit mode: undefined/unknown
	Isolation level: undefined/unknown
	Minimum pool size: undefined/unknown
	Maximum pool size: undefined/unknown
2026-07-28T19:22:21.471+08:00  INFO 9136 --- [beyond-surrounding] [           main] o.h.e.t.j.p.i.JtaPlatformInitiator       : HHH000489: No JTA platform available (set 'hibernate.transaction.jta.platform' to enable JTA platform integration)
2026-07-28T19:22:21.521+08:00 DEBUG 9136 --- [beyond-surrounding] [           main] org.hibernate.SQL                        : 
    create table ad_user (
        user_principal varchar(255) not null,
        common_name varchar(255),
        department varchar(255),
        distinguished_name varchar(255),
        mail varchar(255),
        mobile varchar(255),
        telephone_number varchar(255),
        title varchar(255),
        primary key (user_principal)
    ) engine=InnoDB
Hibernate: 
    create table ad_user (
        user_principal varchar(255) not null,
        common_name varchar(255),
        department varchar(255),
        distinguished_name varchar(255),
        mail varchar(255),
        mobile varchar(255),
        telephone_number varchar(255),
        title varchar(255),
        primary key (user_principal)
    ) engine=InnoDB
2026-07-28T19:22:21.569+08:00 DEBUG 9136 --- [beyond-surrounding] [           main] org.hibernate.SQL                        : 
    create table asset_inventory (
        inventory_date varchar(255) not null,
        self_no varchar(255) not null,
        close_date datetime(6),
        confirm_date datetime(6),
        confirm_id varchar(255),
        dept_name varchar(255),
        generate_type varchar(255),
        maintain_hist varchar(255),
        model_no varchar(255),
        owner_id varchar(255),
        owner_name varchar(255),
        prod_desc varchar(255),
        title varchar(255),
        type varchar(255),
        type_name varchar(255),
        primary key (inventory_date, self_no)
    ) engine=InnoDB
Hibernate: 
    create table asset_inventory (
        inventory_date varchar(255) not null,
        self_no varchar(255) not null,
        close_date datetime(6),
        confirm_date datetime(6),
        confirm_id varchar(255),
        dept_name varchar(255),
        generate_type varchar(255),
        maintain_hist varchar(255),
        model_no varchar(255),
        owner_id varchar(255),
        owner_name varchar(255),
        prod_desc varchar(255),
        title varchar(255),
        type varchar(255),
        type_name varchar(255),
        primary key (inventory_date, self_no)
    ) engine=InnoDB
2026-07-28T19:22:21.606+08:00 DEBUG 9136 --- [beyond-surrounding] [           main] org.hibernate.SQL                        : 
    create table bi_contrast_day (
        report_date varchar(255) not null,
        access_date datetime(6),
        access_id varchar(255),
        contrast_date varchar(255),
        primary key (report_date)
    ) engine=InnoDB
Hibernate: 
    create table bi_contrast_day (
        report_date varchar(255) not null,
        access_date datetime(6),
        access_id varchar(255),
        contrast_date varchar(255),
        primary key (report_date)
    ) engine=InnoDB
2026-07-28T19:22:21.641+08:00 DEBUG 9136 --- [beyond-surrounding] [           main] org.hibernate.SQL                        : 
    create table bi_day_counter_report (
        counter_no varchar(255) not null,
        dept_no varchar(255) not null,
        floor varchar(255) not null,
        report_date varchar(255) not null,
        access_date datetime(6),
        counter_name varchar(255),
        day_gross_profit float(53),
        day_ly_tc_psa09a float(53),
        day_tc_psa07 float(53),
        day_tc_psa09a float(53),
        dept_name varchar(255),
        primary key (counter_no, dept_no, floor, report_date)
    ) engine=InnoDB
Hibernate: 
    create table bi_day_counter_report (
        counter_no varchar(255) not null,
        dept_no varchar(255) not null,
        floor varchar(255) not null,
        report_date varchar(255) not null,
        access_date datetime(6),
        counter_name varchar(255),
        day_gross_profit float(53),
        day_ly_tc_psa09a float(53),
        day_tc_psa07 float(53),
        day_tc_psa09a float(53),
        dept_name varchar(255),
        primary key (counter_no, dept_no, floor, report_date)
    ) engine=InnoDB
2026-07-28T19:22:21.734+08:00  WARN 9136 --- [beyond-surrounding] [           main] o.h.t.s.i.ExceptionHandlerLoggedImpl     : GenerationTarget encountered exception accepting command : Error executing DDL "
    create table bi_day_counter_report (
        counter_no varchar(255) not null,
        dept_no varchar(255) not null,
        floor varchar(255) not null,
        report_date varchar(255) not null,
        access_date datetime(6),
        counter_name varchar(255),
        day_gross_profit float(53),
        day_ly_tc_psa09a float(53),
        day_tc_psa07 float(53),
        day_tc_psa09a float(53),
        dept_name varchar(255),
        primary key (counter_no, dept_no, floor, report_date)
    ) engine=InnoDB" via JDBC [Specified key was too long; max key length is 3072 bytes]

org.hibernate.tool.schema.spi.CommandAcceptanceException: Error executing DDL "
    create table bi_day_counter_report (
        counter_no varchar(255) not null,
        dept_no varchar(255) not null,
        floor varchar(255) not null,
        report_date varchar(255) not null,
        access_date datetime(6),
        counter_name varchar(255),
        day_gross_profit float(53),
        day_ly_tc_psa09a float(53),
        day_tc_psa07 float(53),
        day_tc_psa09a float(53),
        dept_name varchar(255),
        primary key (counter_no, dept_no, floor, report_date)
    ) engine=InnoDB" via JDBC [Specified key was too long; max key length is 3072 bytes]
	at org.hibernate.tool.schema.internal.exec.GenerationTargetToDatabase.accept(GenerationTargetToDatabase.java:94) ~[hibernate-core-6.6.8.Final.jar:6.6.8.Final]
	at org.hibernate.tool.schema.internal.AbstractSchemaMigrator.applySqlString(AbstractSchemaMigrator.java:576) ~[hibernate-core-6.6.8.Final.jar:6.6.8.Final]
	at org.hibernate.tool.schema.internal.AbstractSchemaMigrator.applySqlStrings(AbstractSchemaMigrator.java:516) ~[hibernate-core-6.6.8.Final.jar:6.6.8.Final]
	at org.hibernate.tool.schema.internal.AbstractSchemaMigrator.createTable(AbstractSchemaMigrator.java:316) ~[hibernate-core-6.6.8.Final.jar:6.6.8.Final]
	at org.hibernate.tool.schema.internal.GroupedSchemaMigratorImpl.performTablesMigration(GroupedSchemaMigratorImpl.java:80) ~[hibernate-core-6.6.8.Final.jar:6.6.8.Final]
	at org.hibernate.tool.schema.internal.AbstractSchemaMigrator.performMigration(AbstractSchemaMigrator.java:233) ~[hibernate-core-6.6.8.Final.jar:6.6.8.Final]
	at org.hibernate.tool.schema.internal.AbstractSchemaMigrator.doMigration(AbstractSchemaMigrator.java:112) ~[hibernate-core-6.6.8.Final.jar:6.6.8.Final]
	at org.hibernate.tool.schema.spi.SchemaManagementToolCoordinator.performDatabaseAction(SchemaManagementToolCoordinator.java:280) ~[hibernate-core-6.6.8.Final.jar:6.6.8.Final]
	at org.hibernate.tool.schema.spi.SchemaManagementToolCoordinator.lambda$process$5(SchemaManagementToolCoordinator.java:144) ~[hibernate-core-6.6.8.Final.jar:6.6.8.Final]
	at java.base/java.util.HashMap.forEach(HashMap.java:1429) ~[na:na]
	at org.hibernate.tool.schema.spi.SchemaManagementToolCoordinator.process(SchemaManagementToolCoordinator.java:141) ~[hibernate-core-6.6.8.Final.jar:6.6.8.Final]
	at org.hibernate.boot.internal.SessionFactoryObserverForSchemaExport.sessionFactoryCreated(SessionFactoryObserverForSchemaExport.java:37) ~[hibernate-core-6.6.8.Final.jar:6.6.8.Final]
	at org.hibernate.internal.SessionFactoryObserverChain.sessionFactoryCreated(SessionFactoryObserverChain.java:35) ~[hibernate-core-6.6.8.Final.jar:6.6.8.Final]
	at org.hibernate.internal.SessionFactoryImpl.<init>(SessionFactoryImpl.java:324) ~[hibernate-core-6.6.8.Final.jar:6.6.8.Final]
	at org.hibernate.boot.internal.SessionFactoryBuilderImpl.build(SessionFactoryBuilderImpl.java:463) ~[hibernate-core-6.6.8.Final.jar:6.6.8.Final]
	at org.hibernate.jpa.boot.internal.EntityManagerFactoryBuilderImpl.build(EntityManagerFactoryBuilderImpl.java:1517) ~[hibernate-core-6.6.8.Final.jar:6.6.8.Final]
	at org.springframework.orm.jpa.vendor.SpringHibernateJpaPersistenceProvider.createContainerEntityManagerFactory(SpringHibernateJpaPersistenceProvider.java:66) ~[spring-orm-6.2.3.jar:6.2.3]
	at org.springframework.orm.jpa.LocalContainerEntityManagerFactoryBean.createNativeEntityManagerFactory(LocalContainerEntityManagerFactoryBean.java:390) ~[spring-orm-6.2.3.jar:6.2.3]
	at org.springframework.orm.jpa.AbstractEntityManagerFactoryBean.buildNativeEntityManagerFactory(AbstractEntityManagerFactoryBean.java:419) ~[spring-orm-6.2.3.jar:6.2.3]
	at org.springframework.orm.jpa.AbstractEntityManagerFactoryBean.afterPropertiesSet(AbstractEntityManagerFactoryBean.java:400) ~[spring-orm-6.2.3.jar:6.2.3]
	at org.springframework.orm.jpa.LocalContainerEntityManagerFactoryBean.afterPropertiesSet(LocalContainerEntityManagerFactoryBean.java:366) ~[spring-orm-6.2.3.jar:6.2.3]
	at org.springframework.beans.factory.support.AbstractAutowireCapableBeanFactory.invokeInitMethods(AbstractAutowireCapableBeanFactory.java:1859) ~[spring-beans-6.2.3.jar:6.2.3]
	at org.springframework.beans.factory.support.AbstractAutowireCapableBeanFactory.initializeBean(AbstractAutowireCapableBeanFactory.java:1808) ~[spring-beans-6.2.3.jar:6.2.3]
	at org.springframework.beans.factory.support.AbstractAutowireCapableBeanFactory.doCreateBean(AbstractAutowireCapableBeanFactory.java:601) ~[spring-beans-6.2.3.jar:6.2.3]
	at org.springframework.beans.factory.support.AbstractAutowireCapableBeanFactory.createBean(AbstractAutowireCapableBeanFactory.java:523) ~[spring-beans-6.2.3.jar:6.2.3]
	at org.springframework.beans.factory.support.AbstractBeanFactory.lambda$doGetBean$0(AbstractBeanFactory.java:339) ~[spring-beans-6.2.3.jar:6.2.3]
	at org.springframework.beans.factory.support.DefaultSingletonBeanRegistry.getSingleton(DefaultSingletonBeanRegistry.java:346) ~[spring-beans-6.2.3.jar:6.2.3]
	at org.springframework.beans.factory.support.AbstractBeanFactory.doGetBean(AbstractBeanFactory.java:337) ~[spring-beans-6.2.3.jar:6.2.3]
	at org.springframework.beans.factory.support.AbstractBeanFactory.getBean(AbstractBeanFactory.java:207) ~[spring-beans-6.2.3.jar:6.2.3]
	at org.springframework.context.support.AbstractApplicationContext.finishBeanFactoryInitialization(AbstractApplicationContext.java:970) ~[spring-context-6.2.3.jar:6.2.3]
	at org.springframework.context.support.AbstractApplicationContext.refresh(AbstractApplicationContext.java:627) ~[spring-context-6.2.3.jar:6.2.3]
	at org.springframework.boot.SpringApplication.refresh(SpringApplication.java:752) ~[spring-boot-3.4.3.jar:3.4.3]
	at org.springframework.boot.SpringApplication.refreshContext(SpringApplication.java:439) ~[spring-boot-3.4.3.jar:3.4.3]
	at org.springframework.boot.SpringApplication.run(SpringApplication.java:318) ~[spring-boot-3.4.3.jar:3.4.3]
	at org.springframework.boot.test.context.SpringBootContextLoader.lambda$loadContext$3(SpringBootContextLoader.java:137) ~[spring-boot-test-3.4.3.jar:3.4.3]
	at org.springframework.util.function.ThrowingSupplier.get(ThrowingSupplier.java:58) ~[spring-core-6.2.3.jar:6.2.3]
	at org.springframework.util.function.ThrowingSupplier.get(ThrowingSupplier.java:46) ~[spring-core-6.2.3.jar:6.2.3]
	at org.springframework.boot.SpringApplication.withHook(SpringApplication.java:1461) ~[spring-boot-3.4.3.jar:3.4.3]
	at org.springframework.boot.test.context.SpringBootContextLoader$ContextLoaderHook.run(SpringBootContextLoader.java:553) ~[spring-boot-test-3.4.3.jar:3.4.3]
	at org.springframework.boot.test.context.SpringBootContextLoader.loadContext(SpringBootContextLoader.java:137) ~[spring-boot-test-3.4.3.jar:3.4.3]
	at org.springframework.boot.test.context.SpringBootContextLoader.loadContext(SpringBootContextLoader.java:108) ~[spring-boot-test-3.4.3.jar:3.4.3]
	at org.springframework.test.context.cache.DefaultCacheAwareContextLoaderDelegate.loadContextInternal(DefaultCacheAwareContextLoaderDelegate.java:225) ~[spring-test-6.2.3.jar:6.2.3]
	at org.springframework.test.context.cache.DefaultCacheAwareContextLoaderDelegate.loadContext(DefaultCacheAwareContextLoaderDelegate.java:152) ~[spring-test-6.2.3.jar:6.2.3]
	at org.springframework.test.context.support.DefaultTestContext.getApplicationContext(DefaultTestContext.java:130) ~[spring-test-6.2.3.jar:6.2.3]
	at org.springframework.test.context.web.ServletTestExecutionListener.setUpRequestContextIfNecessary(ServletTestExecutionListener.java:200) ~[spring-test-6.2.3.jar:6.2.3]
	at org.springframework.test.context.web.ServletTestExecutionListener.prepareTestInstance(ServletTestExecutionListener.java:139) ~[spring-test-6.2.3.jar:6.2.3]
	at org.springframework.test.context.TestContextManager.prepareTestInstance(TestContextManager.java:260) ~[spring-test-6.2.3.jar:6.2.3]
	at org.springframework.test.context.junit.jupiter.SpringExtension.postProcessTestInstance(SpringExtension.java:160) ~[spring-test-6.2.3.jar:6.2.3]
	at org.junit.jupiter.engine.descriptor.ClassBasedTestDescriptor.lambda$invokeTestInstancePostProcessors$11(ClassBasedTestDescriptor.java:378) ~[junit-jupiter-engine-5.11.4.jar:5.11.4]
	at org.junit.jupiter.engine.descriptor.ClassBasedTestDescriptor.executeAndMaskThrowable(ClassBasedTestDescriptor.java:383) ~[junit-jupiter-engine-5.11.4.jar:5.11.4]
	at org.junit.jupiter.engine.descriptor.ClassBasedTestDescriptor.lambda$invokeTestInstancePostProcessors$12(ClassBasedTestDescriptor.java:378) ~[junit-jupiter-engine-5.11.4.jar:5.11.4]
	at java.base/java.util.stream.ForEachOps$ForEachOp$OfRef.accept(ForEachOps.java:184) ~[na:na]
	at java.base/java.util.stream.ReferencePipeline$3$1.accept(ReferencePipeline.java:197) ~[na:na]
	at java.base/java.util.stream.ReferencePipeline$2$1.accept(ReferencePipeline.java:179) ~[na:na]
	at java.base/java.util.stream.ReferencePipeline$3$1.accept(ReferencePipeline.java:197) ~[na:na]
	at java.base/java.util.ArrayList$ArrayListSpliterator.forEachRemaining(ArrayList.java:1708) ~[na:na]
	at java.base/java.util.stream.AbstractPipeline.copyInto(AbstractPipeline.java:509) ~[na:na]
	at java.base/java.util.stream.AbstractPipeline.wrapAndCopyInto(AbstractPipeline.java:499) ~[na:na]
	at java.base/java.util.stream.ForEachOps$ForEachOp.evaluateSequential(ForEachOps.java:151) ~[na:na]
	at java.base/java.util.stream.ForEachOps$ForEachOp$OfRef.evaluateSequential(ForEachOps.java:174) ~[na:na]
	at java.base/java.util.stream.AbstractPipeline.evaluate(AbstractPipeline.java:234) ~[na:na]
	at java.base/java.util.stream.ReferencePipeline.forEach(ReferencePipeline.java:596) ~[na:na]
	at org.junit.jupiter.engine.descriptor.ClassBasedTestDescriptor.invokeTestInstancePostProcessors(ClassBasedTestDescriptor.java:377) ~[junit-jupiter-engine-5.11.4.jar:5.11.4]
	at org.junit.jupiter.engine.descriptor.ClassBasedTestDescriptor.lambda$instantiateAndPostProcessTestInstance$7(ClassBasedTestDescriptor.java:290) ~[junit-jupiter-engine-5.11.4.jar:5.11.4]
	at org.junit.platform.engine.support.hierarchical.ThrowableCollector.execute(ThrowableCollector.java:73) ~[junit-platform-engine-1.11.4.jar:1.11.4]
	at org.junit.jupiter.engine.descriptor.ClassBasedTestDescriptor.instantiateAndPostProcessTestInstance(ClassBasedTestDescriptor.java:289) ~[junit-jupiter-engine-5.11.4.jar:5.11.4]
	at org.junit.jupiter.engine.descriptor.ClassBasedTestDescriptor.lambda$testInstancesProvider$5(ClassBasedTestDescriptor.java:279) ~[junit-jupiter-engine-5.11.4.jar:5.11.4]
	at java.base/java.util.Optional.orElseGet(Optional.java:364) ~[na:na]
	at org.junit.jupiter.engine.descriptor.ClassBasedTestDescriptor.lambda$testInstancesProvider$6(ClassBasedTestDescriptor.java:278) ~[junit-jupiter-engine-5.11.4.jar:5.11.4]
	at org.junit.jupiter.engine.execution.TestInstancesProvider.getTestInstances(TestInstancesProvider.java:31) ~[junit-jupiter-engine-5.11.4.jar:5.11.4]
	at org.junit.jupiter.engine.descriptor.TestMethodTestDescriptor.lambda$prepare$1(TestMethodTestDescriptor.java:105) ~[junit-jupiter-engine-5.11.4.jar:5.11.4]
	at org.junit.platform.engine.support.hierarchical.ThrowableCollector.execute(ThrowableCollector.java:73) ~[junit-platform-engine-1.11.4.jar:1.11.4]
	at org.junit.jupiter.engine.descriptor.TestMethodTestDescriptor.prepare(TestMethodTestDescriptor.java:104) ~[junit-jupiter-engine-5.11.4.jar:5.11.4]
	at org.junit.jupiter.engine.descriptor.TestMethodTestDescriptor.prepare(TestMethodTestDescriptor.java:68) ~[junit-jupiter-engine-5.11.4.jar:5.11.4]
	at org.junit.platform.engine.support.hierarchical.NodeTestTask.lambda$prepare$2(NodeTestTask.java:128) ~[junit-platform-engine-1.11.4.jar:1.11.4]
	at org.junit.platform.engine.support.hierarchical.ThrowableCollector.execute(ThrowableCollector.java:73) ~[junit-platform-engine-1.11.4.jar:1.11.4]
	at org.junit.platform.engine.support.hierarchical.NodeTestTask.prepare(NodeTestTask.java:128) ~[junit-platform-engine-1.11.4.jar:1.11.4]
	at org.junit.platform.engine.support.hierarchical.NodeTestTask.execute(NodeTestTask.java:95) ~[junit-platform-engine-1.11.4.jar:1.11.4]
	at java.base/java.util.ArrayList.forEach(ArrayList.java:1596) ~[na:na]
	at org.junit.platform.engine.support.hierarchical.SameThreadHierarchicalTestExecutorService.invokeAll(SameThreadHierarchicalTestExecutorService.java:41) ~[junit-platform-engine-1.11.4.jar:1.11.4]
	at org.junit.platform.engine.support.hierarchical.NodeTestTask.lambda$executeRecursively$6(NodeTestTask.java:160) ~[junit-platform-engine-1.11.4.jar:1.11.4]
	at org.junit.platform.engine.support.hierarchical.ThrowableCollector.execute(ThrowableCollector.java:73) ~[junit-platform-engine-1.11.4.jar:1.11.4]
	at org.junit.platform.engine.support.hierarchical.NodeTestTask.lambda$executeRecursively$8(NodeTestTask.java:146) ~[junit-platform-engine-1.11.4.jar:1.11.4]
	at org.junit.platform.engine.support.hierarchical.Node.around(Node.java:137) ~[junit-platform-engine-1.11.4.jar:1.11.4]
	at org.junit.platform.engine.support.hierarchical.NodeTestTask.lambda$executeRecursively$9(NodeTestTask.java:144) ~[junit-platform-engine-1.11.4.jar:1.11.4]
	at org.junit.platform.engine.support.hierarchical.ThrowableCollector.execute(ThrowableCollector.java:73) ~[junit-platform-engine-1.11.4.jar:1.11.4]
	at org.junit.platform.engine.support.hierarchical.NodeTestTask.executeRecursively(NodeTestTask.java:143) ~[junit-platform-engine-1.11.4.jar:1.11.4]
	at org.junit.platform.engine.support.hierarchical.NodeTestTask.execute(NodeTestTask.java:100) ~[junit-platform-engine-1.11.4.jar:1.11.4]
	at java.base/java.util.ArrayList.forEach(ArrayList.java:1596) ~[na:na]
	at org.junit.platform.engine.support.hierarchical.SameThreadHierarchicalTestExecutorService.invokeAll(SameThreadHierarchicalTestExecutorService.java:41) ~[junit-platform-engine-1.11.4.jar:1.11.4]
	at org.junit.platform.engine.support.hierarchical.NodeTestTask.lambda$executeRecursively$6(NodeTestTask.java:160) ~[junit-platform-engine-1.11.4.jar:1.11.4]
	at org.junit.platform.engine.support.hierarchical.ThrowableCollector.execute(ThrowableCollector.java:73) ~[junit-platform-engine-1.11.4.jar:1.11.4]
	at org.junit.platform.engine.support.hierarchical.NodeTestTask.lambda$executeRecursively$8(NodeTestTask.java:146) ~[junit-platform-engine-1.11.4.jar:1.11.4]
	at org.junit.platform.engine.support.hierarchical.Node.around(Node.java:137) ~[junit-platform-engine-1.11.4.jar:1.11.4]
	at org.junit.platform.engine.support.hierarchical.NodeTestTask.lambda$executeRecursively$9(NodeTestTask.java:144) ~[junit-platform-engine-1.11.4.jar:1.11.4]
	at org.junit.platform.engine.support.hierarchical.ThrowableCollector.execute(ThrowableCollector.java:73) ~[junit-platform-engine-1.11.4.jar:1.11.4]
	at org.junit.platform.engine.support.hierarchical.NodeTestTask.executeRecursively(NodeTestTask.java:143) ~[junit-platform-engine-1.11.4.jar:1.11.4]
	at org.junit.platform.engine.support.hierarchical.NodeTestTask.execute(NodeTestTask.java:100) ~[junit-platform-engine-1.11.4.jar:1.11.4]
	at org.junit.platform.engine.support.hierarchical.SameThreadHierarchicalTestExecutorService.submit(SameThreadHierarchicalTestExecutorService.java:35) ~[junit-platform-engine-1.11.4.jar:1.11.4]
	at org.junit.platform.engine.support.hierarchical.HierarchicalTestExecutor.execute(HierarchicalTestExecutor.java:57) ~[junit-platform-engine-1.11.4.jar:1.11.4]
	at org.junit.platform.engine.support.hierarchical.HierarchicalTestEngine.execute(HierarchicalTestEngine.java:54) ~[junit-platform-engine-1.11.4.jar:1.11.4]
	at org.junit.platform.launcher.core.EngineExecutionOrchestrator.execute(EngineExecutionOrchestrator.java:198) ~[junit-platform-launcher-1.11.4.jar:1.11.4]
	at org.junit.platform.launcher.core.EngineExecutionOrchestrator.execute(EngineExecutionOrchestrator.java:169) ~[junit-platform-launcher-1.11.4.jar:1.11.4]
	at org.junit.platform.launcher.core.EngineExecutionOrchestrator.execute(EngineExecutionOrchestrator.java:93) ~[junit-platform-launcher-1.11.4.jar:1.11.4]
	at org.junit.platform.launcher.core.EngineExecutionOrchestrator.lambda$execute$0(EngineExecutionOrchestrator.java:58) ~[junit-platform-launcher-1.11.4.jar:1.11.4]
	at org.junit.platform.launcher.core.EngineExecutionOrchestrator.withInterceptedStreams(EngineExecutionOrchestrator.java:141) ~[junit-platform-launcher-1.11.4.jar:1.11.4]
	at org.junit.platform.launcher.core.EngineExecutionOrchestrator.execute(EngineExecutionOrchestrator.java:57) ~[junit-platform-launcher-1.11.4.jar:1.11.4]
	at org.junit.platform.launcher.core.DefaultLauncher.execute(DefaultLauncher.java:103) ~[junit-platform-launcher-1.11.4.jar:1.11.4]
	at org.junit.platform.launcher.core.DefaultLauncher.execute(DefaultLauncher.java:85) ~[junit-platform-launcher-1.11.4.jar:1.11.4]
	at org.junit.platform.launcher.core.DelegatingLauncher.execute(DelegatingLauncher.java:47) ~[junit-platform-launcher-1.11.4.jar:1.11.4]
	at org.apache.maven.surefire.junitplatform.LazyLauncher.execute(LazyLauncher.java:56) ~[surefire-junit-platform-3.5.2.jar:3.5.2]
	at org.apache.maven.surefire.junitplatform.JUnitPlatformProvider.execute(JUnitPlatformProvider.java:184) ~[surefire-junit-platform-3.5.2.jar:3.5.2]
	at org.apache.maven.surefire.junitplatform.JUnitPlatformProvider.invokeAllTests(JUnitPlatformProvider.java:148) ~[surefire-junit-platform-3.5.2.jar:3.5.2]
	at org.apache.maven.surefire.junitplatform.JUnitPlatformProvider.invoke(JUnitPlatformProvider.java:122) ~[surefire-junit-platform-3.5.2.jar:3.5.2]
	at org.apache.maven.surefire.booter.ForkedBooter.runSuitesInProcess(ForkedBooter.java:385) ~[surefire-booter-3.5.2.jar:3.5.2]
	at org.apache.maven.surefire.booter.ForkedBooter.execute(ForkedBooter.java:162) ~[surefire-booter-3.5.2.jar:3.5.2]
	at org.apache.maven.surefire.booter.ForkedBooter.run(ForkedBooter.java:507) ~[surefire-booter-3.5.2.jar:3.5.2]
	at org.apache.maven.surefire.booter.ForkedBooter.main(ForkedBooter.java:495) ~[surefire-booter-3.5.2.jar:3.5.2]
Caused by: java.sql.SQLSyntaxErrorException: Specified key was too long; max key length is 3072 bytes
	at com.mysql.cj.jdbc.exceptions.SQLError.createSQLException(SQLError.java:112) ~[mysql-connector-j-9.1.0.jar:9.1.0]
	at com.mysql.cj.jdbc.exceptions.SQLExceptionsMapping.translateException(SQLExceptionsMapping.java:114) ~[mysql-connector-j-9.1.0.jar:9.1.0]
	at com.mysql.cj.jdbc.StatementImpl.executeInternal(StatementImpl.java:837) ~[mysql-connector-j-9.1.0.jar:9.1.0]
	at com.mysql.cj.jdbc.StatementImpl.execute(StatementImpl.java:685) ~[mysql-connector-j-9.1.0.jar:9.1.0]
	at com.zaxxer.hikari.pool.ProxyStatement.execute(ProxyStatement.java:94) ~[HikariCP-5.1.0.jar:na]
	at com.zaxxer.hikari.pool.HikariProxyStatement.execute(HikariProxyStatement.java) ~[HikariCP-5.1.0.jar:na]
	at org.hibernate.tool.schema.internal.exec.GenerationTargetToDatabase.accept(GenerationTargetToDatabase.java:80) ~[hibernate-core-6.6.8.Final.jar:6.6.8.Final]
	... 117 common frames omitted

2026-07-28T19:22:21.741+08:00 DEBUG 9136 --- [beyond-surrounding] [           main] org.hibernate.SQL                        : 
    create table bi_day_dept_report (
        dept_name varchar(255) not null,
        dept_no varchar(255) not null,
        floor varchar(255) not null,
        report_date varchar(255) not null,
        access_date datetime(6),
        day_gross_profit float(53),
        day_ly_tc_psa09a float(53),
        day_tc_psa07 float(53),
        day_tc_psa09a float(53),
        primary key (dept_name, dept_no, floor, report_date)
    ) engine=InnoDB
Hibernate: 
    create table bi_day_dept_report (
        dept_name varchar(255) not null,
        dept_no varchar(255) not null,
        floor varchar(255) not null,
        report_date varchar(255) not null,
        access_date datetime(6),
        day_gross_profit float(53),
        day_ly_tc_psa09a float(53),
        day_tc_psa07 float(53),
        day_tc_psa09a float(53),
        primary key (dept_name, dept_no, floor, report_date)
    ) engine=InnoDB
2026-07-28T19:22:21.743+08:00  WARN 9136 --- [beyond-surrounding] [           main] o.h.t.s.i.ExceptionHandlerLoggedImpl     : GenerationTarget encountered exception accepting command : Error executing DDL "
    create table bi_day_dept_report (
        dept_name varchar(255) not null,
        dept_no varchar(255) not null,
        floor varchar(255) not null,
        report_date varchar(255) not null,
        access_date datetime(6),
        day_gross_profit float(53),
        day_ly_tc_psa09a float(53),
        day_tc_psa07 float(53),
        day_tc_psa09a float(53),
        primary key (dept_name, dept_no, floor, report_date)
    ) engine=InnoDB" via JDBC [Specified key was too long; max key length is 3072 bytes]

org.hibernate.tool.schema.spi.CommandAcceptanceException: Error executing DDL "
    create table bi_day_dept_report (
        dept_name varchar(255) not null,
        dept_no varchar(255) not null,
        floor varchar(255) not null,
        report_date varchar(255) not null,
        access_date datetime(6),
        day_gross_profit float(53),
        day_ly_tc_psa09a float(53),
        day_tc_psa07 float(53),
        day_tc_psa09a float(53),
        primary key (dept_name, dept_no, floor, report_date)
    ) engine=InnoDB" via JDBC [Specified key was too long; max key length is 3072 bytes]
	at org.hibernate.tool.schema.internal.exec.GenerationTargetToDatabase.accept(GenerationTargetToDatabase.java:94) ~[hibernate-core-6.6.8.Final.jar:6.6.8.Final]
	at org.hibernate.tool.schema.internal.AbstractSchemaMigrator.applySqlString(AbstractSchemaMigrator.java:576) ~[hibernate-core-6.6.8.Final.jar:6.6.8.Final]
	at org.hibernate.tool.schema.internal.AbstractSchemaMigrator.applySqlStrings(AbstractSchemaMigrator.java:516) ~[hibernate-core-6.6.8.Final.jar:6.6.8.Final]
	at org.hibernate.tool.schema.internal.AbstractSchemaMigrator.createTable(AbstractSchemaMigrator.java:316) ~[hibernate-core-6.6.8.Final.jar:6.6.8.Final]
	at org.hibernate.tool.schema.internal.GroupedSchemaMigratorImpl.performTablesMigration(GroupedSchemaMigratorImpl.java:80) ~[hibernate-core-6.6.8.Final.jar:6.6.8.Final]
	at org.hibernate.tool.schema.internal.AbstractSchemaMigrator.performMigration(AbstractSchemaMigrator.java:233) ~[hibernate-core-6.6.8.Final.jar:6.6.8.Final]
	at org.hibernate.tool.schema.internal.AbstractSchemaMigrator.doMigration(AbstractSchemaMigrator.java:112) ~[hibernate-core-6.6.8.Final.jar:6.6.8.Final]
	at org.hibernate.tool.schema.spi.SchemaManagementToolCoordinator.performDatabaseAction(SchemaManagementToolCoordinator.java:280) ~[hibernate-core-6.6.8.Final.jar:6.6.8.Final]
	at org.hibernate.tool.schema.spi.SchemaManagementToolCoordinator.lambda$process$5(SchemaManagementToolCoordinator.java:144) ~[hibernate-core-6.6.8.Final.jar:6.6.8.Final]
	at java.base/java.util.HashMap.forEach(HashMap.java:1429) ~[na:na]
	at org.hibernate.tool.schema.spi.SchemaManagementToolCoordinator.process(SchemaManagementToolCoordinator.java:141) ~[hibernate-core-6.6.8.Final.jar:6.6.8.Final]
	at org.hibernate.boot.internal.SessionFactoryObserverForSchemaExport.sessionFactoryCreated(SessionFactoryObserverForSchemaExport.java:37) ~[hibernate-core-6.6.8.Final.jar:6.6.8.Final]
	at org.hibernate.internal.SessionFactoryObserverChain.sessionFactoryCreated(SessionFactoryObserverChain.java:35) ~[hibernate-core-6.6.8.Final.jar:6.6.8.Final]
	at org.hibernate.internal.SessionFactoryImpl.<init>(SessionFactoryImpl.java:324) ~[hibernate-core-6.6.8.Final.jar:6.6.8.Final]
	at org.hibernate.boot.internal.SessionFactoryBuilderImpl.build(SessionFactoryBuilderImpl.java:463) ~[hibernate-core-6.6.8.Final.jar:6.6.8.Final]
	at org.hibernate.jpa.boot.internal.EntityManagerFactoryBuilderImpl.build(EntityManagerFactoryBuilderImpl.java:1517) ~[hibernate-core-6.6.8.Final.jar:6.6.8.Final]
	at org.springframework.orm.jpa.vendor.SpringHibernateJpaPersistenceProvider.createContainerEntityManagerFactory(SpringHibernateJpaPersistenceProvider.java:66) ~[spring-orm-6.2.3.jar:6.2.3]
	at org.springframework.orm.jpa.LocalContainerEntityManagerFactoryBean.createNativeEntityManagerFactory(LocalContainerEntityManagerFactoryBean.java:390) ~[spring-orm-6.2.3.jar:6.2.3]
	at org.springframework.orm.jpa.AbstractEntityManagerFactoryBean.buildNativeEntityManagerFactory(AbstractEntityManagerFactoryBean.java:419) ~[spring-orm-6.2.3.jar:6.2.3]
	at org.springframework.orm.jpa.AbstractEntityManagerFactoryBean.afterPropertiesSet(AbstractEntityManagerFactoryBean.java:400) ~[spring-orm-6.2.3.jar:6.2.3]
	at org.springframework.orm.jpa.LocalContainerEntityManagerFactoryBean.afterPropertiesSet(LocalContainerEntityManagerFactoryBean.java:366) ~[spring-orm-6.2.3.jar:6.2.3]
	at org.springframework.beans.factory.support.AbstractAutowireCapableBeanFactory.invokeInitMethods(AbstractAutowireCapableBeanFactory.java:1859) ~[spring-beans-6.2.3.jar:6.2.3]
	at org.springframework.beans.factory.support.AbstractAutowireCapableBeanFactory.initializeBean(AbstractAutowireCapableBeanFactory.java:1808) ~[spring-beans-6.2.3.jar:6.2.3]
	at org.springframework.beans.factory.support.AbstractAutowireCapableBeanFactory.doCreateBean(AbstractAutowireCapableBeanFactory.java:601) ~[spring-beans-6.2.3.jar:6.2.3]
	at org.springframework.beans.factory.support.AbstractAutowireCapableBeanFactory.createBean(AbstractAutowireCapableBeanFactory.java:523) ~[spring-beans-6.2.3.jar:6.2.3]
	at org.springframework.beans.factory.support.AbstractBeanFactory.lambda$doGetBean$0(AbstractBeanFactory.java:339) ~[spring-beans-6.2.3.jar:6.2.3]
	at org.springframework.beans.factory.support.DefaultSingletonBeanRegistry.getSingleton(DefaultSingletonBeanRegistry.java:346) ~[spring-beans-6.2.3.jar:6.2.3]
	at org.springframework.beans.factory.support.AbstractBeanFactory.doGetBean(AbstractBeanFactory.java:337) ~[spring-beans-6.2.3.jar:6.2.3]
	at org.springframework.beans.factory.support.AbstractBeanFactory.getBean(AbstractBeanFactory.java:207) ~[spring-beans-6.2.3.jar:6.2.3]
	at org.springframework.context.support.AbstractApplicationContext.finishBeanFactoryInitialization(AbstractApplicationContext.java:970) ~[spring-context-6.2.3.jar:6.2.3]
	at org.springframework.context.support.AbstractApplicationContext.refresh(AbstractApplicationContext.java:627) ~[spring-context-6.2.3.jar:6.2.3]
	at org.springframework.boot.SpringApplication.refresh(SpringApplication.java:752) ~[spring-boot-3.4.3.jar:3.4.3]
	at org.springframework.boot.SpringApplication.refreshContext(SpringApplication.java:439) ~[spring-boot-3.4.3.jar:3.4.3]
	at org.springframework.boot.SpringApplication.run(SpringApplication.java:318) ~[spring-boot-3.4.3.jar:3.4.3]
	at org.springframework.boot.test.context.SpringBootContextLoader.lambda$loadContext$3(SpringBootContextLoader.java:137) ~[spring-boot-test-3.4.3.jar:3.4.3]
	at org.springframework.util.function.ThrowingSupplier.get(ThrowingSupplier.java:58) ~[spring-core-6.2.3.jar:6.2.3]
	at org.springframework.util.function.ThrowingSupplier.get(ThrowingSupplier.java:46) ~[spring-core-6.2.3.jar:6.2.3]
	at org.springframework.boot.SpringApplication.withHook(SpringApplication.java:1461) ~[spring-boot-3.4.3.jar:3.4.3]
	at org.springframework.boot.test.context.SpringBootContextLoader$ContextLoaderHook.run(SpringBootContextLoader.java:553) ~[spring-boot-test-3.4.3.jar:3.4.3]
	at org.springframework.boot.test.context.SpringBootContextLoader.loadContext(SpringBootContextLoader.java:137) ~[spring-boot-test-3.4.3.jar:3.4.3]
	at org.springframework.boot.test.context.SpringBootContextLoader.loadContext(SpringBootContextLoader.java:108) ~[spring-boot-test-3.4.3.jar:3.4.3]
	at org.springframework.test.context.cache.DefaultCacheAwareContextLoaderDelegate.loadContextInternal(DefaultCacheAwareContextLoaderDelegate.java:225) ~[spring-test-6.2.3.jar:6.2.3]
	at org.springframework.test.context.cache.DefaultCacheAwareContextLoaderDelegate.loadContext(DefaultCacheAwareContextLoaderDelegate.java:152) ~[spring-test-6.2.3.jar:6.2.3]
	at org.springframework.test.context.support.DefaultTestContext.getApplicationContext(DefaultTestContext.java:130) ~[spring-test-6.2.3.jar:6.2.3]
	at org.springframework.test.context.web.ServletTestExecutionListener.setUpRequestContextIfNecessary(ServletTestExecutionListener.java:200) ~[spring-test-6.2.3.jar:6.2.3]
	at org.springframework.test.context.web.ServletTestExecutionListener.prepareTestInstance(ServletTestExecutionListener.java:139) ~[spring-test-6.2.3.jar:6.2.3]
	at org.springframework.test.context.TestContextManager.prepareTestInstance(TestContextManager.java:260) ~[spring-test-6.2.3.jar:6.2.3]
	at org.springframework.test.context.junit.jupiter.SpringExtension.postProcessTestInstance(SpringExtension.java:160) ~[spring-test-6.2.3.jar:6.2.3]
	at org.junit.jupiter.engine.descriptor.ClassBasedTestDescriptor.lambda$invokeTestInstancePostProcessors$11(ClassBasedTestDescriptor.java:378) ~[junit-jupiter-engine-5.11.4.jar:5.11.4]
	at org.junit.jupiter.engine.descriptor.ClassBasedTestDescriptor.executeAndMaskThrowable(ClassBasedTestDescriptor.java:383) ~[junit-jupiter-engine-5.11.4.jar:5.11.4]
	at org.junit.jupiter.engine.descriptor.ClassBasedTestDescriptor.lambda$invokeTestInstancePostProcessors$12(ClassBasedTestDescriptor.java:378) ~[junit-jupiter-engine-5.11.4.jar:5.11.4]
	at java.base/java.util.stream.ForEachOps$ForEachOp$OfRef.accept(ForEachOps.java:184) ~[na:na]
	at java.base/java.util.stream.ReferencePipeline$3$1.accept(ReferencePipeline.java:197) ~[na:na]
	at java.base/java.util.stream.ReferencePipeline$2$1.accept(ReferencePipeline.java:179) ~[na:na]
	at java.base/java.util.stream.ReferencePipeline$3$1.accept(ReferencePipeline.java:197) ~[na:na]
	at java.base/java.util.ArrayList$ArrayListSpliterator.forEachRemaining(ArrayList.java:1708) ~[na:na]
	at java.base/java.util.stream.AbstractPipeline.copyInto(AbstractPipeline.java:509) ~[na:na]
	at java.base/java.util.stream.AbstractPipeline.wrapAndCopyInto(AbstractPipeline.java:499) ~[na:na]
	at java.base/java.util.stream.ForEachOps$ForEachOp.evaluateSequential(ForEachOps.java:151) ~[na:na]
	at java.base/java.util.stream.ForEachOps$ForEachOp$OfRef.evaluateSequential(ForEachOps.java:174) ~[na:na]
	at java.base/java.util.stream.AbstractPipeline.evaluate(AbstractPipeline.java:234) ~[na:na]
	at java.base/java.util.stream.ReferencePipeline.forEach(ReferencePipeline.java:596) ~[na:na]
	at org.junit.jupiter.engine.descriptor.ClassBasedTestDescriptor.invokeTestInstancePostProcessors(ClassBasedTestDescriptor.java:377) ~[junit-jupiter-engine-5.11.4.jar:5.11.4]
	at org.junit.jupiter.engine.descriptor.ClassBasedTestDescriptor.lambda$instantiateAndPostProcessTestInstance$7(ClassBasedTestDescriptor.java:290) ~[junit-jupiter-engine-5.11.4.jar:5.11.4]
	at org.junit.platform.engine.support.hierarchical.ThrowableCollector.execute(ThrowableCollector.java:73) ~[junit-platform-engine-1.11.4.jar:1.11.4]
	at org.junit.jupiter.engine.descriptor.ClassBasedTestDescriptor.instantiateAndPostProcessTestInstance(ClassBasedTestDescriptor.java:289) ~[junit-jupiter-engine-5.11.4.jar:5.11.4]
	at org.junit.jupiter.engine.descriptor.ClassBasedTestDescriptor.lambda$testInstancesProvider$5(ClassBasedTestDescriptor.java:279) ~[junit-jupiter-engine-5.11.4.jar:5.11.4]
	at java.base/java.util.Optional.orElseGet(Optional.java:364) ~[na:na]
	at org.junit.jupiter.engine.descriptor.ClassBasedTestDescriptor.lambda$testInstancesProvider$6(ClassBasedTestDescriptor.java:278) ~[junit-jupiter-engine-5.11.4.jar:5.11.4]
	at org.junit.jupiter.engine.execution.TestInstancesProvider.getTestInstances(TestInstancesProvider.java:31) ~[junit-jupiter-engine-5.11.4.jar:5.11.4]
	at org.junit.jupiter.engine.descriptor.TestMethodTestDescriptor.lambda$prepare$1(TestMethodTestDescriptor.java:105) ~[junit-jupiter-engine-5.11.4.jar:5.11.4]
	at org.junit.platform.engine.support.hierarchical.ThrowableCollector.execute(ThrowableCollector.java:73) ~[junit-platform-engine-1.11.4.jar:1.11.4]
	at org.junit.jupiter.engine.descriptor.TestMethodTestDescriptor.prepare(TestMethodTestDescriptor.java:104) ~[junit-jupiter-engine-5.11.4.jar:5.11.4]
	at org.junit.jupiter.engine.descriptor.TestMethodTestDescriptor.prepare(TestMethodTestDescriptor.java:68) ~[junit-jupiter-engine-5.11.4.jar:5.11.4]
	at org.junit.platform.engine.support.hierarchical.NodeTestTask.lambda$prepare$2(NodeTestTask.java:128) ~[junit-platform-engine-1.11.4.jar:1.11.4]
	at org.junit.platform.engine.support.hierarchical.ThrowableCollector.execute(ThrowableCollector.java:73) ~[junit-platform-engine-1.11.4.jar:1.11.4]
	at org.junit.platform.engine.support.hierarchical.NodeTestTask.prepare(NodeTestTask.java:128) ~[junit-platform-engine-1.11.4.jar:1.11.4]
	at org.junit.platform.engine.support.hierarchical.NodeTestTask.execute(NodeTestTask.java:95) ~[junit-platform-engine-1.11.4.jar:1.11.4]
	at java.base/java.util.ArrayList.forEach(ArrayList.java:1596) ~[na:na]
	at org.junit.platform.engine.support.hierarchical.SameThreadHierarchicalTestExecutorService.invokeAll(SameThreadHierarchicalTestExecutorService.java:41) ~[junit-platform-engine-1.11.4.jar:1.11.4]
	at org.junit.platform.engine.support.hierarchical.NodeTestTask.lambda$executeRecursively$6(NodeTestTask.java:160) ~[junit-platform-engine-1.11.4.jar:1.11.4]
	at org.junit.platform.engine.support.hierarchical.ThrowableCollector.execute(ThrowableCollector.java:73) ~[junit-platform-engine-1.11.4.jar:1.11.4]
	at org.junit.platform.engine.support.hierarchical.NodeTestTask.lambda$executeRecursively$8(NodeTestTask.java:146) ~[junit-platform-engine-1.11.4.jar:1.11.4]
	at org.junit.platform.engine.support.hierarchical.Node.around(Node.java:137) ~[junit-platform-engine-1.11.4.jar:1.11.4]
	at org.junit.platform.engine.support.hierarchical.NodeTestTask.lambda$executeRecursively$9(NodeTestTask.java:144) ~[junit-platform-engine-1.11.4.jar:1.11.4]
	at org.junit.platform.engine.support.hierarchical.ThrowableCollector.execute(ThrowableCollector.java:73) ~[junit-platform-engine-1.11.4.jar:1.11.4]
	at org.junit.platform.engine.support.hierarchical.NodeTestTask.executeRecursively(NodeTestTask.java:143) ~[junit-platform-engine-1.11.4.jar:1.11.4]
	at org.junit.platform.engine.support.hierarchical.NodeTestTask.execute(NodeTestTask.java:100) ~[junit-platform-engine-1.11.4.jar:1.11.4]
	at java.base/java.util.ArrayList.forEach(ArrayList.java:1596) ~[na:na]
	at org.junit.platform.engine.support.hierarchical.SameThreadHierarchicalTestExecutorService.invokeAll(SameThreadHierarchicalTestExecutorService.java:41) ~[junit-platform-engine-1.11.4.jar:1.11.4]
	at org.junit.platform.engine.support.hierarchical.NodeTestTask.lambda$executeRecursively$6(NodeTestTask.java:160) ~[junit-platform-engine-1.11.4.jar:1.11.4]
	at org.junit.platform.engine.support.hierarchical.ThrowableCollector.execute(ThrowableCollector.java:73) ~[junit-platform-engine-1.11.4.jar:1.11.4]
	at org.junit.platform.engine.support.hierarchical.NodeTestTask.lambda$executeRecursively$8(NodeTestTask.java:146) ~[junit-platform-engine-1.11.4.jar:1.11.4]
	at org.junit.platform.engine.support.hierarchical.Node.around(Node.java:137) ~[junit-platform-engine-1.11.4.jar:1.11.4]
	at org.junit.platform.engine.support.hierarchical.NodeTestTask.lambda$executeRecursively$9(NodeTestTask.java:144) ~[junit-platform-engine-1.11.4.jar:1.11.4]
	at org.junit.platform.engine.support.hierarchical.ThrowableCollector.execute(ThrowableCollector.java:73) ~[junit-platform-engine-1.11.4.jar:1.11.4]
	at org.junit.platform.engine.support.hierarchical.NodeTestTask.executeRecursively(NodeTestTask.java:143) ~[junit-platform-engine-1.11.4.jar:1.11.4]
	at org.junit.platform.engine.support.hierarchical.NodeTestTask.execute(NodeTestTask.java:100) ~[junit-platform-engine-1.11.4.jar:1.11.4]
	at org.junit.platform.engine.support.hierarchical.SameThreadHierarchicalTestExecutorService.submit(SameThreadHierarchicalTestExecutorService.java:35) ~[junit-platform-engine-1.11.4.jar:1.11.4]
	at org.junit.platform.engine.support.hierarchical.HierarchicalTestExecutor.execute(HierarchicalTestExecutor.java:57) ~[junit-platform-engine-1.11.4.jar:1.11.4]
	at org.junit.platform.engine.support.hierarchical.HierarchicalTestEngine.execute(HierarchicalTestEngine.java:54) ~[junit-platform-engine-1.11.4.jar:1.11.4]
	at org.junit.platform.launcher.core.EngineExecutionOrchestrator.execute(EngineExecutionOrchestrator.java:198) ~[junit-platform-launcher-1.11.4.jar:1.11.4]
	at org.junit.platform.launcher.core.EngineExecutionOrchestrator.execute(EngineExecutionOrchestrator.java:169) ~[junit-platform-launcher-1.11.4.jar:1.11.4]
	at org.junit.platform.launcher.core.EngineExecutionOrchestrator.execute(EngineExecutionOrchestrator.java:93) ~[junit-platform-launcher-1.11.4.jar:1.11.4]
	at org.junit.platform.launcher.core.EngineExecutionOrchestrator.lambda$execute$0(EngineExecutionOrchestrator.java:58) ~[junit-platform-launcher-1.11.4.jar:1.11.4]
	at org.junit.platform.launcher.core.EngineExecutionOrchestrator.withInterceptedStreams(EngineExecutionOrchestrator.java:141) ~[junit-platform-launcher-1.11.4.jar:1.11.4]
	at org.junit.platform.launcher.core.EngineExecutionOrchestrator.execute(EngineExecutionOrchestrator.java:57) ~[junit-platform-launcher-1.11.4.jar:1.11.4]
	at org.junit.platform.launcher.core.DefaultLauncher.execute(DefaultLauncher.java:103) ~[junit-platform-launcher-1.11.4.jar:1.11.4]
	at org.junit.platform.launcher.core.DefaultLauncher.execute(DefaultLauncher.java:85) ~[junit-platform-launcher-1.11.4.jar:1.11.4]
	at org.junit.platform.launcher.core.DelegatingLauncher.execute(DelegatingLauncher.java:47) ~[junit-platform-launcher-1.11.4.jar:1.11.4]
	at org.apache.maven.surefire.junitplatform.LazyLauncher.execute(LazyLauncher.java:56) ~[surefire-junit-platform-3.5.2.jar:3.5.2]
	at org.apache.maven.surefire.junitplatform.JUnitPlatformProvider.execute(JUnitPlatformProvider.java:184) ~[surefire-junit-platform-3.5.2.jar:3.5.2]
	at org.apache.maven.surefire.junitplatform.JUnitPlatformProvider.invokeAllTests(JUnitPlatformProvider.java:148) ~[surefire-junit-platform-3.5.2.jar:3.5.2]
	at org.apache.maven.surefire.junitplatform.JUnitPlatformProvider.invoke(JUnitPlatformProvider.java:122) ~[surefire-junit-platform-3.5.2.jar:3.5.2]
	at org.apache.maven.surefire.booter.ForkedBooter.runSuitesInProcess(ForkedBooter.java:385) ~[surefire-booter-3.5.2.jar:3.5.2]
	at org.apache.maven.surefire.booter.ForkedBooter.execute(ForkedBooter.java:162) ~[surefire-booter-3.5.2.jar:3.5.2]
	at org.apache.maven.surefire.booter.ForkedBooter.run(ForkedBooter.java:507) ~[surefire-booter-3.5.2.jar:3.5.2]
	at org.apache.maven.surefire.booter.ForkedBooter.main(ForkedBooter.java:495) ~[surefire-booter-3.5.2.jar:3.5.2]
Caused by: java.sql.SQLSyntaxErrorException: Specified key was too long; max key length is 3072 bytes
	at com.mysql.cj.jdbc.exceptions.SQLError.createSQLException(SQLError.java:112) ~[mysql-connector-j-9.1.0.jar:9.1.0]
	at com.mysql.cj.jdbc.exceptions.SQLExceptionsMapping.translateException(SQLExceptionsMapping.java:114) ~[mysql-connector-j-9.1.0.jar:9.1.0]
	at com.mysql.cj.jdbc.StatementImpl.executeInternal(StatementImpl.java:837) ~[mysql-connector-j-9.1.0.jar:9.1.0]
	at com.mysql.cj.jdbc.StatementImpl.execute(StatementImpl.java:685) ~[mysql-connector-j-9.1.0.jar:9.1.0]
	at com.zaxxer.hikari.pool.ProxyStatement.execute(ProxyStatement.java:94) ~[HikariCP-5.1.0.jar:na]
	at com.zaxxer.hikari.pool.HikariProxyStatement.execute(HikariProxyStatement.java) ~[HikariCP-5.1.0.jar:na]
	at org.hibernate.tool.schema.internal.exec.GenerationTargetToDatabase.accept(GenerationTargetToDatabase.java:80) ~[hibernate-core-6.6.8.Final.jar:6.6.8.Final]
	... 117 common frames omitted

2026-07-28T19:22:21.745+08:00 DEBUG 9136 --- [beyond-surrounding] [           main] org.hibernate.SQL                        : 
    create table bi_day_floor_report (
        floor varchar(255) not null,
        report_date varchar(255) not null,
        access_date datetime(6),
        day_gross_profit float(53),
        day_ly_tc_psa09a float(53),
        day_tc_psa07 float(53),
        day_tc_psa09a float(53),
        tc_psa09a_month_accu float(53),
        primary key (floor, report_date)
    ) engine=InnoDB
Hibernate: 
    create table bi_day_floor_report (
        floor varchar(255) not null,
        report_date varchar(255) not null,
        access_date datetime(6),
        day_gross_profit float(53),
        day_ly_tc_psa09a float(53),
        day_tc_psa07 float(53),
        day_tc_psa09a float(53),
        tc_psa09a_month_accu float(53),
        primary key (floor, report_date)
    ) engine=InnoDB
2026-07-28T19:22:21.781+08:00 DEBUG 9136 --- [beyond-surrounding] [           main] org.hibernate.SQL                        : 
    create table bi_day_sales_report (
        org_name varchar(255) not null,
        report_date varchar(255) not null,
        access_date datetime(6),
        day_gross_profit float(53),
        day_ly_tc_psa09a float(53),
        day_tc_psa07 float(53),
        day_tc_psa09a float(53),
        primary key (org_name, report_date)
    ) engine=InnoDB
Hibernate: 
    create table bi_day_sales_report (
        org_name varchar(255) not null,
        report_date varchar(255) not null,
        access_date datetime(6),
        day_gross_profit float(53),
        day_ly_tc_psa09a float(53),
        day_tc_psa07 float(53),
        day_tc_psa09a float(53),
        primary key (org_name, report_date)
    ) engine=InnoDB
2026-07-28T19:22:21.818+08:00 DEBUG 9136 --- [beyond-surrounding] [           main] org.hibernate.SQL                        : 
    create table bi_mail_set (
        set_id varchar(255) not null,
        access_date datetime(6),
        access_id varchar(255),
        mail_bcc varchar(255),
        mail_cc varchar(255),
        mail_from varchar(255),
        mail_from_name varchar(255),
        mail_to varchar(255),
        set_name varchar(255),
        primary key (set_id)
    ) engine=InnoDB
Hibernate: 
    create table bi_mail_set (
        set_id varchar(255) not null,
        access_date datetime(6),
        access_id varchar(255),
        mail_bcc varchar(255),
        mail_cc varchar(255),
        mail_from varchar(255),
        mail_from_name varchar(255),
        mail_to varchar(255),
        set_name varchar(255),
        primary key (set_id)
    ) engine=InnoDB
2026-07-28T19:22:21.854+08:00 DEBUG 9136 --- [beyond-surrounding] [           main] org.hibernate.SQL                        : 
    create table budget_day_detail (
        b_month varchar(255) not null,
        counter_id varchar(255) not null,
        dept_id varchar(255) not null,
        floor varchar(255) not null,
        access_date datetime(6),
        access_id varchar(255),
        b_01 integer,
        b_02 integer,
        b_03 integer,
        b_04 integer,
        b_05 integer,
        b_06 integer,
        b_07 integer,
        b_08 integer,
        b_09 integer,
        b_10 integer,
        b_11 integer,
        b_12 integer,
        b_13 integer,
        b_14 integer,
        b_15 integer,
        b_16 integer,
        b_17 integer,
        b_18 integer,
        b_19 integer,
        b_20 integer,
        b_21 integer,
        b_22 integer,
        b_23 integer,
        b_24 integer,
        b_25 integer,
        b_26 integer,
        b_27 integer,
        b_28 integer,
        b_29 integer,
        b_30 integer,
        b_31 integer,
        counter_name varchar(255),
        dept_name varchar(255),
        org_name varchar(255),
        primary key (b_month, counter_id, dept_id, floor)
    ) engine=InnoDB
Hibernate: 
    create table budget_day_detail (
        b_month varchar(255) not null,
        counter_id varchar(255) not null,
        dept_id varchar(255) not null,
        floor varchar(255) not null,
        access_date datetime(6),
        access_id varchar(255),
        b_01 integer,
        b_02 integer,
        b_03 integer,
        b_04 integer,
        b_05 integer,
        b_06 integer,
        b_07 integer,
        b_08 integer,
        b_09 integer,
        b_10 integer,
        b_11 integer,
        b_12 integer,
        b_13 integer,
        b_14 integer,
        b_15 integer,
        b_16 integer,
        b_17 integer,
        b_18 integer,
        b_19 integer,
        b_20 integer,
        b_21 integer,
        b_22 integer,
        b_23 integer,
        b_24 integer,
        b_25 integer,
        b_26 integer,
        b_27 integer,
        b_28 integer,
        b_29 integer,
        b_30 integer,
        b_31 integer,
        counter_name varchar(255),
        dept_name varchar(255),
        org_name varchar(255),
        primary key (b_month, counter_id, dept_id, floor)
    ) engine=InnoDB
2026-07-28T19:22:21.855+08:00  WARN 9136 --- [beyond-surrounding] [           main] o.h.t.s.i.ExceptionHandlerLoggedImpl     : GenerationTarget encountered exception accepting command : Error executing DDL "
    create table budget_day_detail (
        b_month varchar(255) not null,
        counter_id varchar(255) not null,
        dept_id varchar(255) not null,
        floor varchar(255) not null,
        access_date datetime(6),
        access_id varchar(255),
        b_01 integer,
        b_02 integer,
        b_03 integer,
        b_04 integer,
        b_05 integer,
        b_06 integer,
        b_07 integer,
        b_08 integer,
        b_09 integer,
        b_10 integer,
        b_11 integer,
        b_12 integer,
        b_13 integer,
        b_14 integer,
        b_15 integer,
        b_16 integer,
        b_17 integer,
        b_18 integer,
        b_19 integer,
        b_20 integer,
        b_21 integer,
        b_22 integer,
        b_23 integer,
        b_24 integer,
        b_25 integer,
        b_26 integer,
        b_27 integer,
        b_28 integer,
        b_29 integer,
        b_30 integer,
        b_31 integer,
        counter_name varchar(255),
        dept_name varchar(255),
        org_name varchar(255),
        primary key (b_month, counter_id, dept_id, floor)
    ) engine=InnoDB" via JDBC [Specified key was too long; max key length is 3072 bytes]

org.hibernate.tool.schema.spi.CommandAcceptanceException: Error executing DDL "
    create table budget_day_detail (
        b_month varchar(255) not null,
        counter_id varchar(255) not null,
        dept_id varchar(255) not null,
        floor varchar(255) not null,
        access_date datetime(6),
        access_id varchar(255),
        b_01 integer,
        b_02 integer,
        b_03 integer,
        b_04 integer,
        b_05 integer,
        b_06 integer,
        b_07 integer,
        b_08 integer,
        b_09 integer,
        b_10 integer,
        b_11 integer,
        b_12 integer,
        b_13 integer,
        b_14 integer,
        b_15 integer,
        b_16 integer,
        b_17 integer,
        b_18 integer,
        b_19 integer,
        b_20 integer,
        b_21 integer,
        b_22 integer,
        b_23 integer,
        b_24 integer,
        b_25 integer,
        b_26 integer,
        b_27 integer,
        b_28 integer,
        b_29 integer,
        b_30 integer,
        b_31 integer,
        counter_name varchar(255),
        dept_name varchar(255),
        org_name varchar(255),
        primary key (b_month, counter_id, dept_id, floor)
    ) engine=InnoDB" via JDBC [Specified key was too long; max key length is 3072 bytes]
	at org.hibernate.tool.schema.internal.exec.GenerationTargetToDatabase.accept(GenerationTargetToDatabase.java:94) ~[hibernate-core-6.6.8.Final.jar:6.6.8.Final]
	at org.hibernate.tool.schema.internal.AbstractSchemaMigrator.applySqlString(AbstractSchemaMigrator.java:576) ~[hibernate-core-6.6.8.Final.jar:6.6.8.Final]
	at org.hibernate.tool.schema.internal.AbstractSchemaMigrator.applySqlStrings(AbstractSchemaMigrator.java:516) ~[hibernate-core-6.6.8.Final.jar:6.6.8.Final]
	at org.hibernate.tool.schema.internal.AbstractSchemaMigrator.createTable(AbstractSchemaMigrator.java:316) ~[hibernate-core-6.6.8.Final.jar:6.6.8.Final]
	at org.hibernate.tool.schema.internal.GroupedSchemaMigratorImpl.performTablesMigration(GroupedSchemaMigratorImpl.java:80) ~[hibernate-core-6.6.8.Final.jar:6.6.8.Final]
	at org.hibernate.tool.schema.internal.AbstractSchemaMigrator.performMigration(AbstractSchemaMigrator.java:233) ~[hibernate-core-6.6.8.Final.jar:6.6.8.Final]
	at org.hibernate.tool.schema.internal.AbstractSchemaMigrator.doMigration(AbstractSchemaMigrator.java:112) ~[hibernate-core-6.6.8.Final.jar:6.6.8.Final]
	at org.hibernate.tool.schema.spi.SchemaManagementToolCoordinator.performDatabaseAction(SchemaManagementToolCoordinator.java:280) ~[hibernate-core-6.6.8.Final.jar:6.6.8.Final]
	at org.hibernate.tool.schema.spi.SchemaManagementToolCoordinator.lambda$process$5(SchemaManagementToolCoordinator.java:144) ~[hibernate-core-6.6.8.Final.jar:6.6.8.Final]
	at java.base/java.util.HashMap.forEach(HashMap.java:1429) ~[na:na]
	at org.hibernate.tool.schema.spi.SchemaManagementToolCoordinator.process(SchemaManagementToolCoordinator.java:141) ~[hibernate-core-6.6.8.Final.jar:6.6.8.Final]
	at org.hibernate.boot.internal.SessionFactoryObserverForSchemaExport.sessionFactoryCreated(SessionFactoryObserverForSchemaExport.java:37) ~[hibernate-core-6.6.8.Final.jar:6.6.8.Final]
	at org.hibernate.internal.SessionFactoryObserverChain.sessionFactoryCreated(SessionFactoryObserverChain.java:35) ~[hibernate-core-6.6.8.Final.jar:6.6.8.Final]
	at org.hibernate.internal.SessionFactoryImpl.<init>(SessionFactoryImpl.java:324) ~[hibernate-core-6.6.8.Final.jar:6.6.8.Final]
	at org.hibernate.boot.internal.SessionFactoryBuilderImpl.build(SessionFactoryBuilderImpl.java:463) ~[hibernate-core-6.6.8.Final.jar:6.6.8.Final]
	at org.hibernate.jpa.boot.internal.EntityManagerFactoryBuilderImpl.build(EntityManagerFactoryBuilderImpl.java:1517) ~[hibernate-core-6.6.8.Final.jar:6.6.8.Final]
	at org.springframework.orm.jpa.vendor.SpringHibernateJpaPersistenceProvider.createContainerEntityManagerFactory(SpringHibernateJpaPersistenceProvider.java:66) ~[spring-orm-6.2.3.jar:6.2.3]
	at org.springframework.orm.jpa.LocalContainerEntityManagerFactoryBean.createNativeEntityManagerFactory(LocalContainerEntityManagerFactoryBean.java:390) ~[spring-orm-6.2.3.jar:6.2.3]
	at org.springframework.orm.jpa.AbstractEntityManagerFactoryBean.buildNativeEntityManagerFactory(AbstractEntityManagerFactoryBean.java:419) ~[spring-orm-6.2.3.jar:6.2.3]
	at org.springframework.orm.jpa.AbstractEntityManagerFactoryBean.afterPropertiesSet(AbstractEntityManagerFactoryBean.java:400) ~[spring-orm-6.2.3.jar:6.2.3]
	at org.springframework.orm.jpa.LocalContainerEntityManagerFactoryBean.afterPropertiesSet(LocalContainerEntityManagerFactoryBean.java:366) ~[spring-orm-6.2.3.jar:6.2.3]
	at org.springframework.beans.factory.support.AbstractAutowireCapableBeanFactory.invokeInitMethods(AbstractAutowireCapableBeanFactory.java:1859) ~[spring-beans-6.2.3.jar:6.2.3]
	at org.springframework.beans.factory.support.AbstractAutowireCapableBeanFactory.initializeBean(AbstractAutowireCapableBeanFactory.java:1808) ~[spring-beans-6.2.3.jar:6.2.3]
	at org.springframework.beans.factory.support.AbstractAutowireCapableBeanFactory.doCreateBean(AbstractAutowireCapableBeanFactory.java:601) ~[spring-beans-6.2.3.jar:6.2.3]
	at org.springframework.beans.factory.support.AbstractAutowireCapableBeanFactory.createBean(AbstractAutowireCapableBeanFactory.java:523) ~[spring-beans-6.2.3.jar:6.2.3]
	at org.springframework.beans.factory.support.AbstractBeanFactory.lambda$doGetBean$0(AbstractBeanFactory.java:339) ~[spring-beans-6.2.3.jar:6.2.3]
	at org.springframework.beans.factory.support.DefaultSingletonBeanRegistry.getSingleton(DefaultSingletonBeanRegistry.java:346) ~[spring-beans-6.2.3.jar:6.2.3]
	at org.springframework.beans.factory.support.AbstractBeanFactory.doGetBean(AbstractBeanFactory.java:337) ~[spring-beans-6.2.3.jar:6.2.3]
	at org.springframework.beans.factory.support.AbstractBeanFactory.getBean(AbstractBeanFactory.java:207) ~[spring-beans-6.2.3.jar:6.2.3]
	at org.springframework.context.support.AbstractApplicationContext.finishBeanFactoryInitialization(AbstractApplicationContext.java:970) ~[spring-context-6.2.3.jar:6.2.3]
	at org.springframework.context.support.AbstractApplicationContext.refresh(AbstractApplicationContext.java:627) ~[spring-context-6.2.3.jar:6.2.3]
	at org.springframework.boot.SpringApplication.refresh(SpringApplication.java:752) ~[spring-boot-3.4.3.jar:3.4.3]
	at org.springframework.boot.SpringApplication.refreshContext(SpringApplication.java:439) ~[spring-boot-3.4.3.jar:3.4.3]
	at org.springframework.boot.SpringApplication.run(SpringApplication.java:318) ~[spring-boot-3.4.3.jar:3.4.3]
	at org.springframework.boot.test.context.SpringBootContextLoader.lambda$loadContext$3(SpringBootContextLoader.java:137) ~[spring-boot-test-3.4.3.jar:3.4.3]
	at org.springframework.util.function.ThrowingSupplier.get(ThrowingSupplier.java:58) ~[spring-core-6.2.3.jar:6.2.3]
	at org.springframework.util.function.ThrowingSupplier.get(ThrowingSupplier.java:46) ~[spring-core-6.2.3.jar:6.2.3]
	at org.springframework.boot.SpringApplication.withHook(SpringApplication.java:1461) ~[spring-boot-3.4.3.jar:3.4.3]
	at org.springframework.boot.test.context.SpringBootContextLoader$ContextLoaderHook.run(SpringBootContextLoader.java:553) ~[spring-boot-test-3.4.3.jar:3.4.3]
	at org.springframework.boot.test.context.SpringBootContextLoader.loadContext(SpringBootContextLoader.java:137) ~[spring-boot-test-3.4.3.jar:3.4.3]
	at org.springframework.boot.test.context.SpringBootContextLoader.loadContext(SpringBootContextLoader.java:108) ~[spring-boot-test-3.4.3.jar:3.4.3]
	at org.springframework.test.context.cache.DefaultCacheAwareContextLoaderDelegate.loadContextInternal(DefaultCacheAwareContextLoaderDelegate.java:225) ~[spring-test-6.2.3.jar:6.2.3]
	at org.springframework.test.context.cache.DefaultCacheAwareContextLoaderDelegate.loadContext(DefaultCacheAwareContextLoaderDelegate.java:152) ~[spring-test-6.2.3.jar:6.2.3]
	at org.springframework.test.context.support.DefaultTestContext.getApplicationContext(DefaultTestContext.java:130) ~[spring-test-6.2.3.jar:6.2.3]
	at org.springframework.test.context.web.ServletTestExecutionListener.setUpRequestContextIfNecessary(ServletTestExecutionListener.java:200) ~[spring-test-6.2.3.jar:6.2.3]
	at org.springframework.test.context.web.ServletTestExecutionListener.prepareTestInstance(ServletTestExecutionListener.java:139) ~[spring-test-6.2.3.jar:6.2.3]
	at org.springframework.test.context.TestContextManager.prepareTestInstance(TestContextManager.java:260) ~[spring-test-6.2.3.jar:6.2.3]
	at org.springframework.test.context.junit.jupiter.SpringExtension.postProcessTestInstance(SpringExtension.java:160) ~[spring-test-6.2.3.jar:6.2.3]
	at org.junit.jupiter.engine.descriptor.ClassBasedTestDescriptor.lambda$invokeTestInstancePostProcessors$11(ClassBasedTestDescriptor.java:378) ~[junit-jupiter-engine-5.11.4.jar:5.11.4]
	at org.junit.jupiter.engine.descriptor.ClassBasedTestDescriptor.executeAndMaskThrowable(ClassBasedTestDescriptor.java:383) ~[junit-jupiter-engine-5.11.4.jar:5.11.4]
	at org.junit.jupiter.engine.descriptor.ClassBasedTestDescriptor.lambda$invokeTestInstancePostProcessors$12(ClassBasedTestDescriptor.java:378) ~[junit-jupiter-engine-5.11.4.jar:5.11.4]
	at java.base/java.util.stream.ForEachOps$ForEachOp$OfRef.accept(ForEachOps.java:184) ~[na:na]
	at java.base/java.util.stream.ReferencePipeline$3$1.accept(ReferencePipeline.java:197) ~[na:na]
	at java.base/java.util.stream.ReferencePipeline$2$1.accept(ReferencePipeline.java:179) ~[na:na]
	at java.base/java.util.stream.ReferencePipeline$3$1.accept(ReferencePipeline.java:197) ~[na:na]
	at java.base/java.util.ArrayList$ArrayListSpliterator.forEachRemaining(ArrayList.java:1708) ~[na:na]
	at java.base/java.util.stream.AbstractPipeline.copyInto(AbstractPipeline.java:509) ~[na:na]
	at java.base/java.util.stream.AbstractPipeline.wrapAndCopyInto(AbstractPipeline.java:499) ~[na:na]
	at java.base/java.util.stream.ForEachOps$ForEachOp.evaluateSequential(ForEachOps.java:151) ~[na:na]
	at java.base/java.util.stream.ForEachOps$ForEachOp$OfRef.evaluateSequential(ForEachOps.java:174) ~[na:na]
	at java.base/java.util.stream.AbstractPipeline.evaluate(AbstractPipeline.java:234) ~[na:na]
	at java.base/java.util.stream.ReferencePipeline.forEach(ReferencePipeline.java:596) ~[na:na]
	at org.junit.jupiter.engine.descriptor.ClassBasedTestDescriptor.invokeTestInstancePostProcessors(ClassBasedTestDescriptor.java:377) ~[junit-jupiter-engine-5.11.4.jar:5.11.4]
	at org.junit.jupiter.engine.descriptor.ClassBasedTestDescriptor.lambda$instantiateAndPostProcessTestInstance$7(ClassBasedTestDescriptor.java:290) ~[junit-jupiter-engine-5.11.4.jar:5.11.4]
	at org.junit.platform.engine.support.hierarchical.ThrowableCollector.execute(ThrowableCollector.java:73) ~[junit-platform-engine-1.11.4.jar:1.11.4]
	at org.junit.jupiter.engine.descriptor.ClassBasedTestDescriptor.instantiateAndPostProcessTestInstance(ClassBasedTestDescriptor.java:289) ~[junit-jupiter-engine-5.11.4.jar:5.11.4]
	at org.junit.jupiter.engine.descriptor.ClassBasedTestDescriptor.lambda$testInstancesProvider$5(ClassBasedTestDescriptor.java:279) ~[junit-jupiter-engine-5.11.4.jar:5.11.4]
	at java.base/java.util.Optional.orElseGet(Optional.java:364) ~[na:na]
	at org.junit.jupiter.engine.descriptor.ClassBasedTestDescriptor.lambda$testInstancesProvider$6(ClassBasedTestDescriptor.java:278) ~[junit-jupiter-engine-5.11.4.jar:5.11.4]
	at org.junit.jupiter.engine.execution.TestInstancesProvider.getTestInstances(TestInstancesProvider.java:31) ~[junit-jupiter-engine-5.11.4.jar:5.11.4]
	at org.junit.jupiter.engine.descriptor.TestMethodTestDescriptor.lambda$prepare$1(TestMethodTestDescriptor.java:105) ~[junit-jupiter-engine-5.11.4.jar:5.11.4]
	at org.junit.platform.engine.support.hierarchical.ThrowableCollector.execute(ThrowableCollector.java:73) ~[junit-platform-engine-1.11.4.jar:1.11.4]
	at org.junit.jupiter.engine.descriptor.TestMethodTestDescriptor.prepare(TestMethodTestDescriptor.java:104) ~[junit-jupiter-engine-5.11.4.jar:5.11.4]
	at org.junit.jupiter.engine.descriptor.TestMethodTestDescriptor.prepare(TestMethodTestDescriptor.java:68) ~[junit-jupiter-engine-5.11.4.jar:5.11.4]
	at org.junit.platform.engine.support.hierarchical.NodeTestTask.lambda$prepare$2(NodeTestTask.java:128) ~[junit-platform-engine-1.11.4.jar:1.11.4]
	at org.junit.platform.engine.support.hierarchical.ThrowableCollector.execute(ThrowableCollector.java:73) ~[junit-platform-engine-1.11.4.jar:1.11.4]
	at org.junit.platform.engine.support.hierarchical.NodeTestTask.prepare(NodeTestTask.java:128) ~[junit-platform-engine-1.11.4.jar:1.11.4]
	at org.junit.platform.engine.support.hierarchical.NodeTestTask.execute(NodeTestTask.java:95) ~[junit-platform-engine-1.11.4.jar:1.11.4]
	at java.base/java.util.ArrayList.forEach(ArrayList.java:1596) ~[na:na]
	at org.junit.platform.engine.support.hierarchical.SameThreadHierarchicalTestExecutorService.invokeAll(SameThreadHierarchicalTestExecutorService.java:41) ~[junit-platform-engine-1.11.4.jar:1.11.4]
	at org.junit.platform.engine.support.hierarchical.NodeTestTask.lambda$executeRecursively$6(NodeTestTask.java:160) ~[junit-platform-engine-1.11.4.jar:1.11.4]
	at org.junit.platform.engine.support.hierarchical.ThrowableCollector.execute(ThrowableCollector.java:73) ~[junit-platform-engine-1.11.4.jar:1.11.4]
	at org.junit.platform.engine.support.hierarchical.NodeTestTask.lambda$executeRecursively$8(NodeTestTask.java:146) ~[junit-platform-engine-1.11.4.jar:1.11.4]
	at org.junit.platform.engine.support.hierarchical.Node.around(Node.java:137) ~[junit-platform-engine-1.11.4.jar:1.11.4]
	at org.junit.platform.engine.support.hierarchical.NodeTestTask.lambda$executeRecursively$9(NodeTestTask.java:144) ~[junit-platform-engine-1.11.4.jar:1.11.4]
	at org.junit.platform.engine.support.hierarchical.ThrowableCollector.execute(ThrowableCollector.java:73) ~[junit-platform-engine-1.11.4.jar:1.11.4]
	at org.junit.platform.engine.support.hierarchical.NodeTestTask.executeRecursively(NodeTestTask.java:143) ~[junit-platform-engine-1.11.4.jar:1.11.4]
	at org.junit.platform.engine.support.hierarchical.NodeTestTask.execute(NodeTestTask.java:100) ~[junit-platform-engine-1.11.4.jar:1.11.4]
	at java.base/java.util.ArrayList.forEach(ArrayList.java:1596) ~[na:na]
	at org.junit.platform.engine.support.hierarchical.SameThreadHierarchicalTestExecutorService.invokeAll(SameThreadHierarchicalTestExecutorService.java:41) ~[junit-platform-engine-1.11.4.jar:1.11.4]
	at org.junit.platform.engine.support.hierarchical.NodeTestTask.lambda$executeRecursively$6(NodeTestTask.java:160) ~[junit-platform-engine-1.11.4.jar:1.11.4]
	at org.junit.platform.engine.support.hierarchical.ThrowableCollector.execute(ThrowableCollector.java:73) ~[junit-platform-engine-1.11.4.jar:1.11.4]
	at org.junit.platform.engine.support.hierarchical.NodeTestTask.lambda$executeRecursively$8(NodeTestTask.java:146) ~[junit-platform-engine-1.11.4.jar:1.11.4]
	at org.junit.platform.engine.support.hierarchical.Node.around(Node.java:137) ~[junit-platform-engine-1.11.4.jar:1.11.4]
	at org.junit.platform.engine.support.hierarchical.NodeTestTask.lambda$executeRecursively$9(NodeTestTask.java:144) ~[junit-platform-engine-1.11.4.jar:1.11.4]
	at org.junit.platform.engine.support.hierarchical.ThrowableCollector.execute(ThrowableCollector.java:73) ~[junit-platform-engine-1.11.4.jar:1.11.4]
	at org.junit.platform.engine.support.hierarchical.NodeTestTask.executeRecursively(NodeTestTask.java:143) ~[junit-platform-engine-1.11.4.jar:1.11.4]
	at org.junit.platform.engine.support.hierarchical.NodeTestTask.execute(NodeTestTask.java:100) ~[junit-platform-engine-1.11.4.jar:1.11.4]
	at org.junit.platform.engine.support.hierarchical.SameThreadHierarchicalTestExecutorService.submit(SameThreadHierarchicalTestExecutorService.java:35) ~[junit-platform-engine-1.11.4.jar:1.11.4]
	at org.junit.platform.engine.support.hierarchical.HierarchicalTestExecutor.execute(HierarchicalTestExecutor.java:57) ~[junit-platform-engine-1.11.4.jar:1.11.4]
	at org.junit.platform.engine.support.hierarchical.HierarchicalTestEngine.execute(HierarchicalTestEngine.java:54) ~[junit-platform-engine-1.11.4.jar:1.11.4]
	at org.junit.platform.launcher.core.EngineExecutionOrchestrator.execute(EngineExecutionOrchestrator.java:198) ~[junit-platform-launcher-1.11.4.jar:1.11.4]
	at org.junit.platform.launcher.core.EngineExecutionOrchestrator.execute(EngineExecutionOrchestrator.java:169) ~[junit-platform-launcher-1.11.4.jar:1.11.4]
	at org.junit.platform.launcher.core.EngineExecutionOrchestrator.execute(EngineExecutionOrchestrator.java:93) ~[junit-platform-launcher-1.11.4.jar:1.11.4]
	at org.junit.platform.launcher.core.EngineExecutionOrchestrator.lambda$execute$0(EngineExecutionOrchestrator.java:58) ~[junit-platform-launcher-1.11.4.jar:1.11.4]
	at org.junit.platform.launcher.core.EngineExecutionOrchestrator.withInterceptedStreams(EngineExecutionOrchestrator.java:141) ~[junit-platform-launcher-1.11.4.jar:1.11.4]
	at org.junit.platform.launcher.core.EngineExecutionOrchestrator.execute(EngineExecutionOrchestrator.java:57) ~[junit-platform-launcher-1.11.4.jar:1.11.4]
	at org.junit.platform.launcher.core.DefaultLauncher.execute(DefaultLauncher.java:103) ~[junit-platform-launcher-1.11.4.jar:1.11.4]
	at org.junit.platform.launcher.core.DefaultLauncher.execute(DefaultLauncher.java:85) ~[junit-platform-launcher-1.11.4.jar:1.11.4]
	at org.junit.platform.launcher.core.DelegatingLauncher.execute(DelegatingLauncher.java:47) ~[junit-platform-launcher-1.11.4.jar:1.11.4]
	at org.apache.maven.surefire.junitplatform.LazyLauncher.execute(LazyLauncher.java:56) ~[surefire-junit-platform-3.5.2.jar:3.5.2]
	at org.apache.maven.surefire.junitplatform.JUnitPlatformProvider.execute(JUnitPlatformProvider.java:184) ~[surefire-junit-platform-3.5.2.jar:3.5.2]
	at org.apache.maven.surefire.junitplatform.JUnitPlatformProvider.invokeAllTests(JUnitPlatformProvider.java:148) ~[surefire-junit-platform-3.5.2.jar:3.5.2]
	at org.apache.maven.surefire.junitplatform.JUnitPlatformProvider.invoke(JUnitPlatformProvider.java:122) ~[surefire-junit-platform-3.5.2.jar:3.5.2]
	at org.apache.maven.surefire.booter.ForkedBooter.runSuitesInProcess(ForkedBooter.java:385) ~[surefire-booter-3.5.2.jar:3.5.2]
	at org.apache.maven.surefire.booter.ForkedBooter.execute(ForkedBooter.java:162) ~[surefire-booter-3.5.2.jar:3.5.2]
	at org.apache.maven.surefire.booter.ForkedBooter.run(ForkedBooter.java:507) ~[surefire-booter-3.5.2.jar:3.5.2]
	at org.apache.maven.surefire.booter.ForkedBooter.main(ForkedBooter.java:495) ~[surefire-booter-3.5.2.jar:3.5.2]
Caused by: java.sql.SQLSyntaxErrorException: Specified key was too long; max key length is 3072 bytes
	at com.mysql.cj.jdbc.exceptions.SQLError.createSQLException(SQLError.java:112) ~[mysql-connector-j-9.1.0.jar:9.1.0]
	at com.mysql.cj.jdbc.exceptions.SQLExceptionsMapping.translateException(SQLExceptionsMapping.java:114) ~[mysql-connector-j-9.1.0.jar:9.1.0]
	at com.mysql.cj.jdbc.StatementImpl.executeInternal(StatementImpl.java:837) ~[mysql-connector-j-9.1.0.jar:9.1.0]
	at com.mysql.cj.jdbc.StatementImpl.execute(StatementImpl.java:685) ~[mysql-connector-j-9.1.0.jar:9.1.0]
	at com.zaxxer.hikari.pool.ProxyStatement.execute(ProxyStatement.java:94) ~[HikariCP-5.1.0.jar:na]
	at com.zaxxer.hikari.pool.HikariProxyStatement.execute(HikariProxyStatement.java) ~[HikariCP-5.1.0.jar:na]
	at org.hibernate.tool.schema.internal.exec.GenerationTargetToDatabase.accept(GenerationTargetToDatabase.java:80) ~[hibernate-core-6.6.8.Final.jar:6.6.8.Final]
	... 117 common frames omitted

2026-07-28T19:22:21.858+08:00 DEBUG 9136 --- [beyond-surrounding] [           main] org.hibernate.SQL                        : 
    create table budget_reach_100 (
        counter_id varchar(255) not null,
        dept_id varchar(255) not null,
        end_date datetime(6) not null,
        floor varchar(255) not null,
        start_date datetime(6) not null,
        counter_name varchar(255),
        dept_name varchar(255),
        gross_profit_rate float(53),
        org_name varchar(255),
        remark varchar(255),
        primary key (counter_id, dept_id, end_date, floor, start_date)
    ) engine=InnoDB
Hibernate: 
    create table budget_reach_100 (
        counter_id varchar(255) not null,
        dept_id varchar(255) not null,
        end_date datetime(6) not null,
        floor varchar(255) not null,
        start_date datetime(6) not null,
        counter_name varchar(255),
        dept_name varchar(255),
        gross_profit_rate float(53),
        org_name varchar(255),
        remark varchar(255),
        primary key (counter_id, dept_id, end_date, floor, start_date)
    ) engine=InnoDB
2026-07-28T19:22:21.860+08:00  WARN 9136 --- [beyond-surrounding] [           main] o.h.t.s.i.ExceptionHandlerLoggedImpl     : GenerationTarget encountered exception accepting command : Error executing DDL "
    create table budget_reach_100 (
        counter_id varchar(255) not null,
        dept_id varchar(255) not null,
        end_date datetime(6) not null,
        floor varchar(255) not null,
        start_date datetime(6) not null,
        counter_name varchar(255),
        dept_name varchar(255),
        gross_profit_rate float(53),
        org_name varchar(255),
        remark varchar(255),
        primary key (counter_id, dept_id, end_date, floor, start_date)
    ) engine=InnoDB" via JDBC [Specified key was too long; max key length is 3072 bytes]

org.hibernate.tool.schema.spi.CommandAcceptanceException: Error executing DDL "
    create table budget_reach_100 (
        counter_id varchar(255) not null,
        dept_id varchar(255) not null,
        end_date datetime(6) not null,
        floor varchar(255) not null,
        start_date datetime(6) not null,
        counter_name varchar(255),
        dept_name varchar(255),
        gross_profit_rate float(53),
        org_name varchar(255),
        remark varchar(255),
        primary key (counter_id, dept_id, end_date, floor, start_date)
    ) engine=InnoDB" via JDBC [Specified key was too long; max key length is 3072 bytes]
	at org.hibernate.tool.schema.internal.exec.GenerationTargetToDatabase.accept(GenerationTargetToDatabase.java:94) ~[hibernate-core-6.6.8.Final.jar:6.6.8.Final]
	at org.hibernate.tool.schema.internal.AbstractSchemaMigrator.applySqlString(AbstractSchemaMigrator.java:576) ~[hibernate-core-6.6.8.Final.jar:6.6.8.Final]
	at org.hibernate.tool.schema.internal.AbstractSchemaMigrator.applySqlStrings(AbstractSchemaMigrator.java:516) ~[hibernate-core-6.6.8.Final.jar:6.6.8.Final]
	at org.hibernate.tool.schema.internal.AbstractSchemaMigrator.createTable(AbstractSchemaMigrator.java:316) ~[hibernate-core-6.6.8.Final.jar:6.6.8.Final]
	at org.hibernate.tool.schema.internal.GroupedSchemaMigratorImpl.performTablesMigration(GroupedSchemaMigratorImpl.java:80) ~[hibernate-core-6.6.8.Final.jar:6.6.8.Final]
	at org.hibernate.tool.schema.internal.AbstractSchemaMigrator.performMigration(AbstractSchemaMigrator.java:233) ~[hibernate-core-6.6.8.Final.jar:6.6.8.Final]
	at org.hibernate.tool.schema.internal.AbstractSchemaMigrator.doMigration(AbstractSchemaMigrator.java:112) ~[hibernate-core-6.6.8.Final.jar:6.6.8.Final]
	at org.hibernate.tool.schema.spi.SchemaManagementToolCoordinator.performDatabaseAction(SchemaManagementToolCoordinator.java:280) ~[hibernate-core-6.6.8.Final.jar:6.6.8.Final]
	at org.hibernate.tool.schema.spi.SchemaManagementToolCoordinator.lambda$process$5(SchemaManagementToolCoordinator.java:144) ~[hibernate-core-6.6.8.Final.jar:6.6.8.Final]
	at java.base/java.util.HashMap.forEach(HashMap.java:1429) ~[na:na]
	at org.hibernate.tool.schema.spi.SchemaManagementToolCoordinator.process(SchemaManagementToolCoordinator.java:141) ~[hibernate-core-6.6.8.Final.jar:6.6.8.Final]
	at org.hibernate.boot.internal.SessionFactoryObserverForSchemaExport.sessionFactoryCreated(SessionFactoryObserverForSchemaExport.java:37) ~[hibernate-core-6.6.8.Final.jar:6.6.8.Final]
[...]
    ) engine=InnoDB
Hibernate: 
    create table rakuten_return_detail (
        customized_product_id varchar(255) not null,
        order_id varchar(255) not null,
        transaction_id varchar(255) not null,
        mall_spec_id varchar(255),
        product_id varchar(255),
        product_name varchar(255),
        return_close_date datetime(6),
        return_create_date datetime(6),
        return_debit_date datetime(6),
        return_pickup_address varchar(255),
        return_pickup_mobile varchar(255),
        return_pickup_name varchar(255),
        return_pickup_phone varchar(255),
        return_pickup_zipcode varchar(255),
        return_price integer,
        return_reason varchar(255),
        return_reason_remark varchar(255),
        return_status varchar(255),
        return_status_code varchar(255),
        return_status_desc varchar(255),
        spec varchar(255),
        access_date datetime(6),
        c_no varchar(255),
        return_id varchar(255),
        primary key (customized_product_id, order_id, transaction_id)
    ) engine=InnoDB
2026-07-28T19:22:22.702+08:00 DEBUG 9136 --- [beyond-surrounding] [           main] org.hibernate.SQL                        : 
    create table return_abnormality_code (
        return_code varchar(255) not null,
        reason varchar(255),
        access_date datetime(6),
        primary key (return_code)
    ) engine=InnoDB
Hibernate: 
    create table return_abnormality_code (
        return_code varchar(255) not null,
        reason varchar(255),
        access_date datetime(6),
        primary key (return_code)
    ) engine=InnoDB
2026-07-28T19:22:22.736+08:00 DEBUG 9136 --- [beyond-surrounding] [           main] org.hibernate.SQL                        : 
    create table return_abnormality_detail (
        order_id varchar(64) not null,
        return_abnormality_id varchar(64) not null,
        return_id varchar(64) not null,
        transaction_id varchar(64) not null,
        return_abnormality_create_date datetime(6),
        return_abnormality_reason varchar(255),
        return_abnormality_remark varchar(255),
        return_abnormality_status varchar(255),
        access_date datetime(6),
        primary key (order_id, return_abnormality_id, return_id, transaction_id)
    ) engine=InnoDB
Hibernate: 
    create table return_abnormality_detail (
        order_id varchar(64) not null,
        return_abnormality_id varchar(64) not null,
        return_id varchar(64) not null,
        transaction_id varchar(64) not null,
        return_abnormality_create_date datetime(6),
        return_abnormality_reason varchar(255),
        return_abnormality_remark varchar(255),
        return_abnormality_status varchar(255),
        access_date datetime(6),
        primary key (order_id, return_abnormality_id, return_id, transaction_id)
    ) engine=InnoDB
2026-07-28T19:22:22.768+08:00 DEBUG 9136 --- [beyond-surrounding] [           main] org.hibernate.SQL                        : 
    create table return_code (
        return_code varchar(255) not null,
        reason varchar(255),
        access_date datetime(6),
        primary key (return_code)
    ) engine=InnoDB
Hibernate: 
    create table return_code (
        return_code varchar(255) not null,
        reason varchar(255),
        access_date datetime(6),
        primary key (return_code)
    ) engine=InnoDB
2026-07-28T19:22:22.810+08:00 DEBUG 9136 --- [beyond-surrounding] [           main] org.hibernate.SQL                        : 
    create table return_detail (
        order_id varchar(255) not null,
        return_id varchar(255) not null,
        transaction_id varchar(255) not null,
        customized_product_id varchar(255),
        mall_spec_id varchar(255),
        product_id varchar(255),
        product_name varchar(255),
        return_close_date datetime(6),
        return_create_date datetime(6),
        return_debit_date datetime(6),
        return_pickup_address varchar(255),
        return_pickup_mobile varchar(255),
        return_pickup_name varchar(255),
        return_pickup_phone varchar(255),
        return_pickup_zipcode varchar(255),
        return_price integer,
        return_reason varchar(255),
        return_reason_remark varchar(255),
        return_status varchar(255),
        spec varchar(255),
        access_date datetime(6),
        c_no varchar(255),
        primary key (order_id, return_id, transaction_id)
    ) engine=InnoDB
Hibernate: 
    create table return_detail (
        order_id varchar(255) not null,
        return_id varchar(255) not null,
        transaction_id varchar(255) not null,
        customized_product_id varchar(255),
        mall_spec_id varchar(255),
        product_id varchar(255),
        product_name varchar(255),
        return_close_date datetime(6),
        return_create_date datetime(6),
        return_debit_date datetime(6),
        return_pickup_address varchar(255),
        return_pickup_mobile varchar(255),
        return_pickup_name varchar(255),
        return_pickup_phone varchar(255),
        return_pickup_zipcode varchar(255),
        return_price integer,
        return_reason varchar(255),
        return_reason_remark varchar(255),
        return_status varchar(255),
        spec varchar(255),
        access_date datetime(6),
        c_no varchar(255),
        primary key (order_id, return_id, transaction_id)
    ) engine=InnoDB
2026-07-28T19:22:22.844+08:00 DEBUG 9136 --- [beyond-surrounding] [           main] org.hibernate.SQL                        : 
    create table sale_update (
        counter_id varchar(255) not null,
        dept_id varchar(255) not null,
        floor varchar(255) not null,
        counter_name varchar(255),
        dept_name varchar(255),
        diff_sale_update_amt float(53),
        new_gross_profit float(53),
        new_sale_update_amt float(53),
        old_sale_update_amt float(53),
        org_name varchar(255),
        remark varchar(255),
        start_date datetime(6),
        primary key (counter_id, dept_id, floor)
    ) engine=InnoDB
Hibernate: 
    create table sale_update (
        counter_id varchar(255) not null,
        dept_id varchar(255) not null,
        floor varchar(255) not null,
        counter_name varchar(255),
        dept_name varchar(255),
        diff_sale_update_amt float(53),
        new_gross_profit float(53),
        new_sale_update_amt float(53),
        old_sale_update_amt float(53),
        org_name varchar(255),
        remark varchar(255),
        start_date datetime(6),
        primary key (counter_id, dept_id, floor)
    ) engine=InnoDB
2026-07-28T19:22:22.920+08:00 DEBUG 9136 --- [beyond-surrounding] [           main] org.hibernate.SQL                        : 
    create table shipping_supplier (
        code varchar(255) not null,
        access_date datetime(6),
        name varchar(255),
        primary key (code)
    ) engine=InnoDB
Hibernate: 
    create table shipping_supplier (
        code varchar(255) not null,
        access_date datetime(6),
        name varchar(255),
        primary key (code)
    ) engine=InnoDB
2026-07-28T19:22:22.952+08:00 DEBUG 9136 --- [beyond-surrounding] [           main] org.hibernate.SQL                        : 
    create table shipping_type (
        customized_main_product_id varchar(255) not null,
        c_no varchar(255) not null,
        shipping_type_id varchar(255) not null,
        primary key (customized_main_product_id, c_no, shipping_type_id)
    ) engine=InnoDB
Hibernate: 
    create table shipping_type (
        customized_main_product_id varchar(255) not null,
        c_no varchar(255) not null,
        shipping_type_id varchar(255) not null,
        primary key (customized_main_product_id, c_no, shipping_type_id)
    ) engine=InnoDB
2026-07-28T19:22:22.986+08:00 DEBUG 9136 --- [beyond-surrounding] [           main] org.hibernate.SQL                        : 
    create table spec2_table1 (
        customized_main_product_id varchar(255) not null,
        spec_dimension varchar(255) not null,
        c_no varchar(255) not null,
        mall_spec_id varchar(255),
        control varchar(255),
        primary key (customized_main_product_id, spec_dimension, c_no)
    ) engine=InnoDB
Hibernate: 
    create table spec2_table1 (
        customized_main_product_id varchar(255) not null,
        spec_dimension varchar(255) not null,
        c_no varchar(255) not null,
        mall_spec_id varchar(255),
        control varchar(255),
        primary key (customized_main_product_id, spec_dimension, c_no)
    ) engine=InnoDB
2026-07-28T19:22:23.027+08:00 DEBUG 9136 --- [beyond-surrounding] [           main] org.hibernate.SQL                        : 
    create table spec2_table2 (
        customized_main_product_id varchar(255) not null,
        spec_dimension varchar(255) not null,
        c_no varchar(255) not null,
        mall_spec_id varchar(255),
        control varchar(255),
        primary key (customized_main_product_id, spec_dimension, c_no)
    ) engine=InnoDB
Hibernate: 
    create table spec2_table2 (
        customized_main_product_id varchar(255) not null,
        spec_dimension varchar(255) not null,
        c_no varchar(255) not null,
        mall_spec_id varchar(255),
        control varchar(255),
        primary key (customized_main_product_id, spec_dimension, c_no)
    ) engine=InnoDB
2026-07-28T19:22:23.062+08:00 DEBUG 9136 --- [beyond-surrounding] [           main] org.hibernate.SQL                        : 
    create table spec_dimension_all (
        customized_main_product_id varchar(255) not null,
        spec_dimension varchar(255) not null,
        c_no varchar(255) not null,
        bar_code varchar(255),
        customized_product_id varchar(255),
        mall_spec_id varchar(255),
        pchome_product_id varchar(255),
        safty_stock varchar(255),
        stock varchar(255),
        stock1 varchar(255),
        control varchar(255),
        momo_deleted varchar(255),
        pchome_deleted varchar(255),
        rakuten_deleted varchar(255),
        yahoo_deleted varchar(255),
        primary key (customized_main_product_id, spec_dimension, c_no)
    ) engine=InnoDB
Hibernate: 
    create table spec_dimension_all (
        customized_main_product_id varchar(255) not null,
        spec_dimension varchar(255) not null,
        c_no varchar(255) not null,
        bar_code varchar(255),
        customized_product_id varchar(255),
        mall_spec_id varchar(255),
        pchome_product_id varchar(255),
        safty_stock varchar(255),
        stock varchar(255),
        stock1 varchar(255),
        control varchar(255),
        momo_deleted varchar(255),
        pchome_deleted varchar(255),
        rakuten_deleted varchar(255),
        yahoo_deleted varchar(255),
        primary key (customized_main_product_id, spec_dimension, c_no)
    ) engine=InnoDB
2026-07-28T19:22:23.094+08:00 DEBUG 9136 --- [beyond-surrounding] [           main] org.hibernate.SQL                        : 
    create table store_category (
        customized_main_product_id varchar(255) not null,
        c_no varchar(255) not null,
        store_category_id varchar(255) not null,
        primary key (customized_main_product_id, c_no, store_category_id)
    ) engine=InnoDB
Hibernate: 
    create table store_category (
        customized_main_product_id varchar(255) not null,
        c_no varchar(255) not null,
        store_category_id varchar(255) not null,
        primary key (customized_main_product_id, c_no, store_category_id)
    ) engine=InnoDB
2026-07-28T19:22:23.134+08:00 DEBUG 9136 --- [beyond-surrounding] [           main] org.hibernate.SQL                        : 
    create table sushi_upload (
        now_date varchar(255) not null,
        cust float(53),
        food float(53),
        create_date datetime(6),
        update_date datetime(6),
        primary key (now_date)
    ) engine=InnoDB
Hibernate: 
    create table sushi_upload (
        now_date varchar(255) not null,
        cust float(53),
        food float(53),
        create_date datetime(6),
        update_date datetime(6),
        primary key (now_date)
    ) engine=InnoDB
2026-07-28T19:22:23.174+08:00 DEBUG 9136 --- [beyond-surrounding] [           main] org.hibernate.SQL                        : 
    create table tc_psa_file (
        tc_psa01 varchar(50) not null,
        tc_psa02 varchar(50) not null,
        tc_psa03 varchar(50) not null,
        tc_psa04 date not null,
        tc_psaplant varchar(50) not null,
        lnt06 varchar(255),
        lnt09 varchar(255),
        lnt10 varchar(255),
        lnt33 varchar(255),
        lpk04 varchar(255),
        oba02 varchar(255),
        tc_psa05 varchar(255),
        tc_psa06 varchar(255),
        tc_psa07 integer,
        tc_psa08 float(53),
        tc_psa09 float(53),
        tc_psa09a float(53),
        tc_psa09b float(53),
        tc_psa10 float(53),
        tc_psa11 float(53),
        tc_psa12 float(53),
        tc_psa12a float(53),
        tc_psa12b float(53),
        tc_psa13 varchar(255),
        tc_psa14 varchar(255),
        tc_psa15 varchar(255),
        tc_psa16 varchar(255),
        tc_psa17 varchar(255),
        tc_psa18 varchar(255),
        tc_psa19 integer,
        tc_psa20 integer,
        tc_psa21 varchar(255),
        tc_psa22 varchar(255),
        tc_psa23 varchar(255),
        tc_psa24 varchar(255),
        tc_psa25 varchar(255),
        tc_psa26 datetime(6),
        tc_psa27 varchar(255),
        tc_psa28 float(53),
        tc_psa29 float(53),
        tc_psa30 varchar(255),
        tc_psa31 varchar(255),
        tc_psa32 varchar(255),
        tc_psa33 varchar(255),
        tc_psa34 varchar(255),
        tc_psa35 varchar(255),
        tc_psa36 varchar(255),
        tc_psa37 varchar(255),
        tc_psa38 varchar(255),
        tc_psa39 integer,
        tc_psa40 float(53),
        tc_psa41 integer,
        tc_psa42 float(53),
        tc_psadate datetime(6),
        tc_psagrup varchar(255),
        tc_psalegal varchar(255),
        tc_psamodu varchar(255),
        tc_psaorig varchar(255),
        tc_psaoriu varchar(255),
        tc_psatime varchar(255),
        tc_psauser varchar(255),
        tc_psc07 varchar(255),
        tqa02 varchar(255),
        primary key (tc_psa01, tc_psa02, tc_psa03, tc_psa04, tc_psaplant)
    ) engine=InnoDB
Hibernate: 
    create table tc_psa_file (
        tc_psa01 varchar(50) not null,
        tc_psa02 varchar(50) not null,
        tc_psa03 varchar(50) not null,
        tc_psa04 date not null,
        tc_psaplant varchar(50) not null,
        lnt06 varchar(255),
        lnt09 varchar(255),
        lnt10 varchar(255),
        lnt33 varchar(255),
        lpk04 varchar(255),
        oba02 varchar(255),
        tc_psa05 varchar(255),
        tc_psa06 varchar(255),
        tc_psa07 integer,
        tc_psa08 float(53),
        tc_psa09 float(53),
        tc_psa09a float(53),
        tc_psa09b float(53),
        tc_psa10 float(53),
        tc_psa11 float(53),
        tc_psa12 float(53),
        tc_psa12a float(53),
        tc_psa12b float(53),
        tc_psa13 varchar(255),
        tc_psa14 varchar(255),
        tc_psa15 varchar(255),
        tc_psa16 varchar(255),
        tc_psa17 varchar(255),
        tc_psa18 varchar(255),
        tc_psa19 integer,
        tc_psa20 integer,
        tc_psa21 varchar(255),
        tc_psa22 varchar(255),
        tc_psa23 varchar(255),
        tc_psa24 varchar(255),
        tc_psa25 varchar(255),
        tc_psa26 datetime(6),
        tc_psa27 varchar(255),
        tc_psa28 float(53),
        tc_psa29 float(53),
        tc_psa30 varchar(255),
        tc_psa31 varchar(255),
        tc_psa32 varchar(255),
        tc_psa33 varchar(255),
        tc_psa34 varchar(255),
        tc_psa35 varchar(255),
        tc_psa36 varchar(255),
        tc_psa37 varchar(255),
        tc_psa38 varchar(255),
        tc_psa39 integer,
        tc_psa40 float(53),
        tc_psa41 integer,
        tc_psa42 float(53),
        tc_psadate datetime(6),
        tc_psagrup varchar(255),
        tc_psalegal varchar(255),
        tc_psamodu varchar(255),
        tc_psaorig varchar(255),
        tc_psaoriu varchar(255),
        tc_psatime varchar(255),
        tc_psauser varchar(255),
        tc_psc07 varchar(255),
        tqa02 varchar(255),
        primary key (tc_psa01, tc_psa02, tc_psa03, tc_psa04, tc_psaplant)
    ) engine=InnoDB
2026-07-28T19:22:23.218+08:00 DEBUG 9136 --- [beyond-surrounding] [           main] org.hibernate.SQL                        : 
    create table users (
        userid varchar(255) not null,
        c_no varchar(255) not null,
        channel_id varchar(255),
        depid varchar(255),
        dept_name varchar(255),
        division_id varchar(255),
        division_name varchar(255),
        email varchar(255),
        islock varchar(255),
        password varchar(255),
        pre_1_password varchar(255),
        pre_2_password varchar(255),
        pre_3_password varchar(255),
        tel varchar(255),
        username varchar(255),
        address varchar(255),
        cell varchar(255),
        lv4_id varchar(255),
        lv4_name varchar(255),
        remove_cookie varchar(255),
        wrong_times integer,
        primary key (userid, c_no)
    ) engine=InnoDB
Hibernate: 
    create table users (
        userid varchar(255) not null,
        c_no varchar(255) not null,
        channel_id varchar(255),
        depid varchar(255),
        dept_name varchar(255),
        division_id varchar(255),
        division_name varchar(255),
        email varchar(255),
        islock varchar(255),
        password varchar(255),
        pre_1_password varchar(255),
        pre_2_password varchar(255),
        pre_3_password varchar(255),
        tel varchar(255),
        username varchar(255),
        address varchar(255),
        cell varchar(255),
        lv4_id varchar(255),
        lv4_name varchar(255),
        remove_cookie varchar(255),
        wrong_times integer,
        primary key (userid, c_no)
    ) engine=InnoDB
2026-07-28T19:22:23.263+08:00  INFO 9136 --- [beyond-surrounding] [           main] j.LocalContainerEntityManagerFactoryBean : Initialized JPA EntityManagerFactory for persistence unit 'default'
2026-07-28T19:22:26.561+08:00  WARN 9136 --- [beyond-surrounding] [           main] iguration$LoadBalancerCaffeineWarnLogger : Spring Cloud LoadBalancer is currently working with the default cache. While this cache implementation is useful for development and tests, it's recommended to use Caffeine cache in production.You can switch to using Caffeine cache, by adding it and org.springframework.cache.caffeine.CaffeineCacheManager to the classpath.
2026-07-28T19:22:26.637+08:00  INFO 9136 --- [beyond-surrounding] [           main] o.s.b.a.e.web.EndpointLinksResolver      : Exposing 1 endpoint beneath base path '/actuator'
2026-07-28T19:22:26.773+08:00  INFO 9136 --- [beyond-surrounding] [           main] c.b.BeyondPermissionApplicationTests     : Started BeyondPermissionApplicationTests in 12.292 seconds (process running for 14.072)
]]></system-out>
    <system-err><![CDATA[Mockito is currently self-attaching to enable the inline-mock-maker. This will no longer work in future releases of the JDK. Please add Mockito as an agent to your build what is described in Mockito's documentation: https://javadoc.io/doc/org.mockito/mockito-core/latest/org/mockito/Mockito.html#0.3
WARNING: A Java agent has been loaded dynamically (C:\Users\davidchung\.m2\repository\net\bytebuddy\byte-buddy-agent\1.15.11\byte-buddy-agent-1.15.11.jar)
WARNING: If a serviceability tool is in use, please run with -XX:+EnableDynamicAgentLoading to hide this warning
WARNING: If a serviceability tool is not in use, please run with -Djdk.instrument.traceUsage for more information
WARNING: Dynamic loading of agents will be disallowed by default in a future release
]]></system-err>
  </testcase>
</testsuite>